02/02/2020 14:01:20:983 Welcome to InterProScan-5.40-77.0
02/02/2020 14:01:20:984 Running InterProScan v5 in STANDALONE mode... on Linux
02/02/2020 14:01:35:563 Loading file /vortexfs1/scratch/dgellermcgrath/scripts/run-interproscan/../../january-final-gbks-as-AA-fa/MAG_1289-final-gbk-AA.fa
02/02/2020 14:01:35:565 Running the following analyses:
[CDD-3.17,Coils-2.2.1,Gene3D-4.2.0,Hamap-2019_01,MobiDBLite-2.0,Pfam-32.0,PIRSF-3.02,PRINTS-42.0,ProSitePatterns-2019_01,ProSiteProfiles-2019_01,SFLD-4,SMART-7.1,SUPERFAMILY-1.75,TIGRFAM-15.0]
Available matches will be retrieved from the pre-calculated match lookup service.

Matches for any sequences that are not represented in the lookup service will be calculated locally.
02/02/2020 14:01:43:689 37% completed
02/02/2020 14:01:44:424 87% completed
02/02/2020 14:01:44:627 Match lookup info: 0% of the 5190 unique input sequences were found in the match lookup server. 
02/02/2020 14:27:16:211 90% completed
02/02/2020 14:28:15:808 100% done:  InterProScan analyses completed 

02/02/2020 14:28:17:053 Welcome to InterProScan-5.40-77.0
02/02/2020 14:28:17:054 Running InterProScan v5 in STANDALONE mode... on Linux
02/02/2020 14:28:31:373 Loading file /vortexfs1/scratch/dgellermcgrath/scripts/run-interproscan/../../january-final-gbks-as-AA-fa/MAG_128-final-gbk-AA.fa
02/02/2020 14:28:31:376 Running the following analyses:
[CDD-3.17,Coils-2.2.1,Gene3D-4.2.0,Hamap-2019_01,MobiDBLite-2.0,Pfam-32.0,PIRSF-3.02,PRINTS-42.0,ProSitePatterns-2019_01,ProSiteProfiles-2019_01,SFLD-4,SMART-7.1,SUPERFAMILY-1.75,TIGRFAM-15.0]
Available matches will be retrieved from the pre-calculated match lookup service.

Matches for any sequences that are not represented in the lookup service will be calculated locally.
02/02/2020 14:28:37:203 28% completed
02/02/2020 14:28:39:072 57% completed
02/02/2020 14:28:41:158 85% completed
02/02/2020 14:28:41:339 Match lookup info: 0% of the 4677 unique input sequences were found in the match lookup server. 
02/02/2020 14:56:06:211 90% completed
02/02/2020 14:57:03:937 100% done:  InterProScan analyses completed 

02/02/2020 14:57:05:186 Welcome to InterProScan-5.40-77.0
02/02/2020 14:57:05:187 Running InterProScan v5 in STANDALONE mode... on Linux
02/02/2020 14:57:19:424 Loading file /vortexfs1/scratch/dgellermcgrath/scripts/run-interproscan/../../january-final-gbks-as-AA-fa/MAG_1290-final-gbk-AA.fa
02/02/2020 14:57:19:426 Running the following analyses:
[CDD-3.17,Coils-2.2.1,Gene3D-4.2.0,Hamap-2019_01,MobiDBLite-2.0,Pfam-32.0,PIRSF-3.02,PRINTS-42.0,ProSitePatterns-2019_01,ProSiteProfiles-2019_01,SFLD-4,SMART-7.1,SUPERFAMILY-1.75,TIGRFAM-15.0]
Available matches will be retrieved from the pre-calculated match lookup service.

Matches for any sequences that are not represented in the lookup service will be calculated locally.
02/02/2020 14:57:27:281 Match lookup info: 0% of the 2247 unique input sequences were found in the match lookup server. 
02/02/2020 14:59:07:894 25% completed
02/02/2020 15:02:57:245 50% completed
02/02/2020 15:11:39:661 75% completed
02/02/2020 15:18:06:715 90% completed
02/02/2020 15:18:34:086 100% done:  InterProScan analyses completed 

02/02/2020 15:18:35:367 Welcome to InterProScan-5.40-77.0
02/02/2020 15:18:35:368 Running InterProScan v5 in STANDALONE mode... on Linux
02/02/2020 15:18:49:501 Loading file /vortexfs1/scratch/dgellermcgrath/scripts/run-interproscan/../../january-final-gbks-as-AA-fa/MAG_1299-final-gbk-AA.fa
02/02/2020 15:18:49:502 Running the following analyses:
[CDD-3.17,Coils-2.2.1,Gene3D-4.2.0,Hamap-2019_01,MobiDBLite-2.0,Pfam-32.0,PIRSF-3.02,PRINTS-42.0,ProSitePatterns-2019_01,ProSiteProfiles-2019_01,SFLD-4,SMART-7.1,SUPERFAMILY-1.75,TIGRFAM-15.0]
Available matches will be retrieved from the pre-calculated match lookup service.

Matches for any sequences that are not represented in the lookup service will be calculated locally.
02/02/2020 15:18:56:782 Match lookup info: 0% of the 2495 unique input sequences were found in the match lookup server. 
02/02/2020 15:21:09:008 25% completed
02/02/2020 15:24:12:231 50% completed
02/02/2020 15:33:23:229 75% completed
02/02/2020 15:38:51:734 90% completed
02/02/2020 15:40:03:919 100% done:  InterProScan analyses completed 

02/02/2020 15:40:05:219 Welcome to InterProScan-5.40-77.0
02/02/2020 15:40:05:220 Running InterProScan v5 in STANDALONE mode... on Linux
02/02/2020 15:40:19:076 Loading file /vortexfs1/scratch/dgellermcgrath/scripts/run-interproscan/../../january-final-gbks-as-AA-fa/MAG_1301-final-gbk-AA.fa
02/02/2020 15:40:19:078 Running the following analyses:
[CDD-3.17,Coils-2.2.1,Gene3D-4.2.0,Hamap-2019_01,MobiDBLite-2.0,Pfam-32.0,PIRSF-3.02,PRINTS-42.0,ProSitePatterns-2019_01,ProSiteProfiles-2019_01,SFLD-4,SMART-7.1,SUPERFAMILY-1.75,TIGRFAM-15.0]
Available matches will be retrieved from the pre-calculated match lookup service.

Matches for any sequences that are not represented in the lookup service will be calculated locally.
02/02/2020 15:40:29:929 37% completed
02/02/2020 15:40:30:035 62% completed
02/02/2020 15:40:31:374 87% completed
02/02/2020 15:40:31:560 Match lookup info: 0% of the 5352 unique input sequences were found in the match lookup server. 
02/02/2020 16:11:47:978 90% completed
02/02/2020 16:18:16:304 100% done:  InterProScan analyses completed 

02/02/2020 16:18:17:576 Welcome to InterProScan-5.40-77.0
02/02/2020 16:18:17:577 Running InterProScan v5 in STANDALONE mode... on Linux
02/02/2020 16:18:31:520 Loading file /vortexfs1/scratch/dgellermcgrath/scripts/run-interproscan/../../january-final-gbks-as-AA-fa/MAG_1302-final-gbk-AA.fa
02/02/2020 16:18:31:522 Running the following analyses:
[CDD-3.17,Coils-2.2.1,Gene3D-4.2.0,Hamap-2019_01,MobiDBLite-2.0,Pfam-32.0,PIRSF-3.02,PRINTS-42.0,ProSitePatterns-2019_01,ProSiteProfiles-2019_01,SFLD-4,SMART-7.1,SUPERFAMILY-1.75,TIGRFAM-15.0]
Available matches will be retrieved from the pre-calculated match lookup service.

Matches for any sequences that are not represented in the lookup service will be calculated locally.
02/02/2020 16:18:49:498 33% completed
02/02/2020 16:18:49:805 66% completed
02/02/2020 16:18:49:912 83% completed
02/02/2020 16:18:50:189 Match lookup info: 0% of the 7943 unique input sequences were found in the match lookup server. 
02/02/2020 17:01:11:468 90% completed
02/02/2020 17:05:01:661 100% done:  InterProScan analyses completed 

02/02/2020 17:05:02:927 Welcome to InterProScan-5.40-77.0
02/02/2020 17:05:02:928 Running InterProScan v5 in STANDALONE mode... on Linux
02/02/2020 17:05:17:388 Loading file /vortexfs1/scratch/dgellermcgrath/scripts/run-interproscan/../../january-final-gbks-as-AA-fa/MAG_1305-final-gbk-AA.fa
02/02/2020 17:05:17:390 Running the following analyses:
[CDD-3.17,Coils-2.2.1,Gene3D-4.2.0,Hamap-2019_01,MobiDBLite-2.0,Pfam-32.0,PIRSF-3.02,PRINTS-42.0,ProSitePatterns-2019_01,ProSiteProfiles-2019_01,SFLD-4,SMART-7.1,SUPERFAMILY-1.75,TIGRFAM-15.0]
Available matches will be retrieved from the pre-calculated match lookup service.

Matches for any sequences that are not represented in the lookup service will be calculated locally.
02/02/2020 17:05:22:363 33% completed
02/02/2020 17:05:27:632 66% completed
02/02/2020 17:05:27:945 83% completed
02/02/2020 17:05:28:064 Match lookup info: 0% of the 3365 unique input sequences were found in the match lookup server. 
02/02/2020 17:25:40:500 90% completed
02/02/2020 17:26:18:118 100% done:  InterProScan analyses completed 

02/02/2020 17:26:19:403 Welcome to InterProScan-5.40-77.0
02/02/2020 17:26:19:405 Running InterProScan v5 in STANDALONE mode... on Linux
02/02/2020 17:26:33:546 Loading file /vortexfs1/scratch/dgellermcgrath/scripts/run-interproscan/../../january-final-gbks-as-AA-fa/MAG_1312-final-gbk-AA.fa
02/02/2020 17:26:33:547 Running the following analyses:
[CDD-3.17,Coils-2.2.1,Gene3D-4.2.0,Hamap-2019_01,MobiDBLite-2.0,Pfam-32.0,PIRSF-3.02,PRINTS-42.0,ProSitePatterns-2019_01,ProSiteProfiles-2019_01,SFLD-4,SMART-7.1,SUPERFAMILY-1.75,TIGRFAM-15.0]
Available matches will be retrieved from the pre-calculated match lookup service.

Matches for any sequences that are not represented in the lookup service will be calculated locally.
02/02/2020 17:27:14:974 25% completed
02/02/2020 17:30:54:639 50% completed
02/02/2020 17:41:10:303 75% completed
02/02/2020 17:45:16:380 90% completed
02/02/2020 17:46:55:067 100% done:  InterProScan analyses completed 

02/02/2020 17:46:56:347 Welcome to InterProScan-5.40-77.0
02/02/2020 17:46:56:349 Running InterProScan v5 in STANDALONE mode... on Linux
02/02/2020 17:47:11:095 Loading file /vortexfs1/scratch/dgellermcgrath/scripts/run-interproscan/../../january-final-gbks-as-AA-fa/MAG_1316-final-gbk-AA.fa
02/02/2020 17:47:11:096 Running the following analyses:
[CDD-3.17,Coils-2.2.1,Gene3D-4.2.0,Hamap-2019_01,MobiDBLite-2.0,Pfam-32.0,PIRSF-3.02,PRINTS-42.0,ProSitePatterns-2019_01,ProSiteProfiles-2019_01,SFLD-4,SMART-7.1,SUPERFAMILY-1.75,TIGRFAM-15.0]
Available matches will be retrieved from the pre-calculated match lookup service.

Matches for any sequences that are not represented in the lookup service will be calculated locally.
02/02/2020 17:47:47:724 26% completed
02/02/2020 17:50:20:877 50% completed
02/02/2020 17:58:34:684 75% completed
02/02/2020 18:01:38:539 90% completed
02/02/2020 18:01:53:597 100% done:  InterProScan analyses completed 

02/02/2020 18:01:54:841 Welcome to InterProScan-5.40-77.0
02/02/2020 18:01:54:842 Running InterProScan v5 in STANDALONE mode... on Linux
02/02/2020 18:02:09:048 Loading file /vortexfs1/scratch/dgellermcgrath/scripts/run-interproscan/../../january-final-gbks-as-AA-fa/MAG_1320-final-gbk-AA.fa
02/02/2020 18:02:09:049 Running the following analyses:
[CDD-3.17,Coils-2.2.1,Gene3D-4.2.0,Hamap-2019_01,MobiDBLite-2.0,Pfam-32.0,PIRSF-3.02,PRINTS-42.0,ProSitePatterns-2019_01,ProSiteProfiles-2019_01,SFLD-4,SMART-7.1,SUPERFAMILY-1.75,TIGRFAM-15.0]
Available matches will be retrieved from the pre-calculated match lookup service.

Matches for any sequences that are not represented in the lookup service will be calculated locally.
02/02/2020 18:02:13:607 33% completed
02/02/2020 18:02:16:716 83% completed
02/02/2020 18:02:16:835 Match lookup info: 0% of the 3395 unique input sequences were found in the match lookup server. 
02/02/2020 18:26:03:283 90% completed
02/02/2020 18:29:09:430 100% done:  InterProScan analyses completed 

02/02/2020 18:29:10:691 Welcome to InterProScan-5.40-77.0
02/02/2020 18:29:10:692 Running InterProScan v5 in STANDALONE mode... on Linux
02/02/2020 18:29:24:622 Loading file /vortexfs1/scratch/dgellermcgrath/scripts/run-interproscan/../../january-final-gbks-as-AA-fa/MAG_1322-final-gbk-AA.fa
02/02/2020 18:29:24:623 Running the following analyses:
[CDD-3.17,Coils-2.2.1,Gene3D-4.2.0,Hamap-2019_01,MobiDBLite-2.0,Pfam-32.0,PIRSF-3.02,PRINTS-42.0,ProSitePatterns-2019_01,ProSiteProfiles-2019_01,SFLD-4,SMART-7.1,SUPERFAMILY-1.75,TIGRFAM-15.0]
Available matches will be retrieved from the pre-calculated match lookup service.

Matches for any sequences that are not represented in the lookup service will be calculated locally.
02/02/2020 18:29:33:534 33% completed
02/02/2020 18:29:40:186 83% completed
02/02/2020 18:29:40:408 Match lookup info: 0% of the 7048 unique input sequences were found in the match lookup server. 
02/02/2020 18:55:43:570 90% completed
02/02/2020 18:59:03:867 100% done:  InterProScan analyses completed 

02/02/2020 18:59:05:136 Welcome to InterProScan-5.40-77.0
02/02/2020 18:59:05:137 Running InterProScan v5 in STANDALONE mode... on Linux
02/02/2020 18:59:19:214 Loading file /vortexfs1/scratch/dgellermcgrath/scripts/run-interproscan/../../january-final-gbks-as-AA-fa/MAG_1334-final-gbk-AA.fa
02/02/2020 18:59:19:216 Running the following analyses:
[CDD-3.17,Coils-2.2.1,Gene3D-4.2.0,Hamap-2019_01,MobiDBLite-2.0,Pfam-32.0,PIRSF-3.02,PRINTS-42.0,ProSitePatterns-2019_01,ProSiteProfiles-2019_01,SFLD-4,SMART-7.1,SUPERFAMILY-1.75,TIGRFAM-15.0]
Available matches will be retrieved from the pre-calculated match lookup service.

Matches for any sequences that are not represented in the lookup service will be calculated locally.
02/02/2020 18:59:51:925 25% completed
02/02/2020 19:02:20:081 50% completed
02/02/2020 19:10:52:372 76% completed
02/02/2020 19:11:19:381 90% completed
02/02/2020 19:14:25:339 100% done:  InterProScan analyses completed 

02/02/2020 19:14:26:611 Welcome to InterProScan-5.40-77.0
02/02/2020 19:14:26:612 Running InterProScan v5 in STANDALONE mode... on Linux
02/02/2020 19:14:40:956 Loading file /vortexfs1/scratch/dgellermcgrath/scripts/run-interproscan/../../january-final-gbks-as-AA-fa/MAG_1350-final-gbk-AA.fa
02/02/2020 19:14:40:958 Running the following analyses:
[CDD-3.17,Coils-2.2.1,Gene3D-4.2.0,Hamap-2019_01,MobiDBLite-2.0,Pfam-32.0,PIRSF-3.02,PRINTS-42.0,ProSitePatterns-2019_01,ProSiteProfiles-2019_01,SFLD-4,SMART-7.1,SUPERFAMILY-1.75,TIGRFAM-15.0]
Available matches will be retrieved from the pre-calculated match lookup service.

Matches for any sequences that are not represented in the lookup service will be calculated locally.
02/02/2020 19:15:13:256 25% completed
02/02/2020 19:18:39:469 50% completed
02/02/2020 19:28:53:912 75% completed
02/02/2020 19:30:45:254 90% completed
02/02/2020 19:35:13:619 100% done:  InterProScan analyses completed 

02/02/2020 19:35:14:878 Welcome to InterProScan-5.40-77.0
02/02/2020 19:35:14:879 Running InterProScan v5 in STANDALONE mode... on Linux
02/02/2020 19:35:28:667 Loading file /vortexfs1/scratch/dgellermcgrath/scripts/run-interproscan/../../january-final-gbks-as-AA-fa/MAG_1352-final-gbk-AA.fa
02/02/2020 19:35:28:670 Running the following analyses:
[CDD-3.17,Coils-2.2.1,Gene3D-4.2.0,Hamap-2019_01,MobiDBLite-2.0,Pfam-32.0,PIRSF-3.02,PRINTS-42.0,ProSitePatterns-2019_01,ProSiteProfiles-2019_01,SFLD-4,SMART-7.1,SUPERFAMILY-1.75,TIGRFAM-15.0]
Available matches will be retrieved from the pre-calculated match lookup service.

Matches for any sequences that are not represented in the lookup service will be calculated locally.
02/02/2020 19:36:03:354 25% completed
02/02/2020 19:39:42:497 50% completed
02/02/2020 19:49:11:269 75% completed
02/02/2020 19:51:04:524 90% completed
02/02/2020 19:55:42:278 100% done:  InterProScan analyses completed 

02/02/2020 19:55:43:557 Welcome to InterProScan-5.40-77.0
02/02/2020 19:55:43:558 Running InterProScan v5 in STANDALONE mode... on Linux
02/02/2020 19:55:57:827 Loading file /vortexfs1/scratch/dgellermcgrath/scripts/run-interproscan/../../january-final-gbks-as-AA-fa/MAG_1353-final-gbk-AA.fa
02/02/2020 19:55:57:830 Running the following analyses:
[CDD-3.17,Coils-2.2.1,Gene3D-4.2.0,Hamap-2019_01,MobiDBLite-2.0,Pfam-32.0,PIRSF-3.02,PRINTS-42.0,ProSitePatterns-2019_01,ProSiteProfiles-2019_01,SFLD-4,SMART-7.1,SUPERFAMILY-1.75,TIGRFAM-15.0]
Available matches will be retrieved from the pre-calculated match lookup service.

Matches for any sequences that are not represented in the lookup service will be calculated locally.
02/02/2020 19:56:30:655 26% completed
02/02/2020 19:58:17:949 50% completed
02/02/2020 20:08:09:543 75% completed
02/02/2020 20:12:34:490 90% completed
02/02/2020 20:12:55:582 100% done:  InterProScan analyses completed 

02/02/2020 20:12:56:838 Welcome to InterProScan-5.40-77.0
02/02/2020 20:12:56:839 Running InterProScan v5 in STANDALONE mode... on Linux
02/02/2020 20:13:10:855 Loading file /vortexfs1/scratch/dgellermcgrath/scripts/run-interproscan/../../january-final-gbks-as-AA-fa/MAG_1356-final-gbk-AA.fa
02/02/2020 20:13:10:857 Running the following analyses:
[CDD-3.17,Coils-2.2.1,Gene3D-4.2.0,Hamap-2019_01,MobiDBLite-2.0,Pfam-32.0,PIRSF-3.02,PRINTS-42.0,ProSitePatterns-2019_01,ProSiteProfiles-2019_01,SFLD-4,SMART-7.1,SUPERFAMILY-1.75,TIGRFAM-15.0]
Available matches will be retrieved from the pre-calculated match lookup service.

Matches for any sequences that are not represented in the lookup service will be calculated locally.
02/02/2020 20:13:19:704 37% completed
02/02/2020 20:13:19:809 62% completed
02/02/2020 20:13:20:023 87% completed
02/02/2020 20:13:20:215 Match lookup info: 0% of the 5895 unique input sequences were found in the match lookup server. 
02/02/2020 20:43:10:463 90% completed
02/02/2020 20:47:42:004 100% done:  InterProScan analyses completed 

02/02/2020 20:47:43:276 Welcome to InterProScan-5.40-77.0
02/02/2020 20:47:43:277 Running InterProScan v5 in STANDALONE mode... on Linux
02/02/2020 20:47:57:321 Loading file /vortexfs1/scratch/dgellermcgrath/scripts/run-interproscan/../../january-final-gbks-as-AA-fa/MAG_1359-final-gbk-AA.fa
02/02/2020 20:47:57:322 Running the following analyses:
[CDD-3.17,Coils-2.2.1,Gene3D-4.2.0,Hamap-2019_01,MobiDBLite-2.0,Pfam-32.0,PIRSF-3.02,PRINTS-42.0,ProSitePatterns-2019_01,ProSiteProfiles-2019_01,SFLD-4,SMART-7.1,SUPERFAMILY-1.75,TIGRFAM-15.0]
Available matches will be retrieved from the pre-calculated match lookup service.

Matches for any sequences that are not represented in the lookup service will be calculated locally.
02/02/2020 20:48:07:287 87% completed
02/02/2020 20:48:07:474 Match lookup info: 0% of the 5830 unique input sequences were found in the match lookup server. 
02/02/2020 21:19:38:031 90% completed
02/02/2020 21:22:35:758 100% done:  InterProScan analyses completed 

02/02/2020 21:22:37:032 Welcome to InterProScan-5.40-77.0
02/02/2020 21:22:37:033 Running InterProScan v5 in STANDALONE mode... on Linux
02/02/2020 21:22:50:837 Loading file /vortexfs1/scratch/dgellermcgrath/scripts/run-interproscan/../../january-final-gbks-as-AA-fa/MAG_1363-final-gbk-AA.fa
02/02/2020 21:22:50:840 Running the following analyses:
[CDD-3.17,Coils-2.2.1,Gene3D-4.2.0,Hamap-2019_01,MobiDBLite-2.0,Pfam-32.0,PIRSF-3.02,PRINTS-42.0,ProSitePatterns-2019_01,ProSiteProfiles-2019_01,SFLD-4,SMART-7.1,SUPERFAMILY-1.75,TIGRFAM-15.0]
Available matches will be retrieved from the pre-calculated match lookup service.

Matches for any sequences that are not represented in the lookup service will be calculated locally.
02/02/2020 21:23:18:568 25% completed
02/02/2020 21:25:35:000 50% completed
02/02/2020 21:29:54:120 75% completed
02/02/2020 21:36:06:364 90% completed
02/02/2020 21:40:59:633 100% done:  InterProScan analyses completed 

02/02/2020 21:41:00:873 Welcome to InterProScan-5.40-77.0
02/02/2020 21:41:00:875 Running InterProScan v5 in STANDALONE mode... on Linux
02/02/2020 21:41:15:209 Loading file /vortexfs1/scratch/dgellermcgrath/scripts/run-interproscan/../../january-final-gbks-as-AA-fa/MAG_1365-final-gbk-AA.fa
02/02/2020 21:41:15:211 Running the following analyses:
[CDD-3.17,Coils-2.2.1,Gene3D-4.2.0,Hamap-2019_01,MobiDBLite-2.0,Pfam-32.0,PIRSF-3.02,PRINTS-42.0,ProSitePatterns-2019_01,ProSiteProfiles-2019_01,SFLD-4,SMART-7.1,SUPERFAMILY-1.75,TIGRFAM-15.0]
Available matches will be retrieved from the pre-calculated match lookup service.

Matches for any sequences that are not represented in the lookup service will be calculated locally.
02/02/2020 21:41:18:130 33% completed
02/02/2020 21:41:21:879 83% completed
02/02/2020 21:41:22:003 Match lookup info: 0% of the 3214 unique input sequences were found in the match lookup server. 
02/02/2020 21:59:16:410 90% completed
02/02/2020 21:59:40:306 100% done:  InterProScan analyses completed 

02/02/2020 21:59:41:605 Welcome to InterProScan-5.40-77.0
02/02/2020 21:59:41:606 Running InterProScan v5 in STANDALONE mode... on Linux
02/02/2020 21:59:56:346 Loading file /vortexfs1/scratch/dgellermcgrath/scripts/run-interproscan/../../january-final-gbks-as-AA-fa/MAG_1366-final-gbk-AA.fa
02/02/2020 21:59:56:348 Running the following analyses:
[CDD-3.17,Coils-2.2.1,Gene3D-4.2.0,Hamap-2019_01,MobiDBLite-2.0,Pfam-32.0,PIRSF-3.02,PRINTS-42.0,ProSitePatterns-2019_01,ProSiteProfiles-2019_01,SFLD-4,SMART-7.1,SUPERFAMILY-1.75,TIGRFAM-15.0]
Available matches will be retrieved from the pre-calculated match lookup service.

Matches for any sequences that are not represented in the lookup service will be calculated locally.
02/02/2020 22:00:00:212 28% completed
02/02/2020 22:00:04:159 57% completed
02/02/2020 22:00:04:267 85% completed
02/02/2020 22:00:04:418 Match lookup info: 0% of the 4339 unique input sequences were found in the match lookup server. 
02/02/2020 22:22:02:207 90% completed
02/02/2020 22:23:05:457 100% done:  InterProScan analyses completed 

02/02/2020 22:23:06:725 Welcome to InterProScan-5.40-77.0
02/02/2020 22:23:06:727 Running InterProScan v5 in STANDALONE mode... on Linux
02/02/2020 22:23:19:781 Loading file /vortexfs1/scratch/dgellermcgrath/scripts/run-interproscan/../../january-final-gbks-as-AA-fa/MAG_1367-final-gbk-AA.fa
02/02/2020 22:23:19:783 Running the following analyses:
[CDD-3.17,Coils-2.2.1,Gene3D-4.2.0,Hamap-2019_01,MobiDBLite-2.0,Pfam-32.0,PIRSF-3.02,PRINTS-42.0,ProSitePatterns-2019_01,ProSiteProfiles-2019_01,SFLD-4,SMART-7.1,SUPERFAMILY-1.75,TIGRFAM-15.0]
Available matches will be retrieved from the pre-calculated match lookup service.

Matches for any sequences that are not represented in the lookup service will be calculated locally.
02/02/2020 22:23:52:842 25% completed
02/02/2020 22:27:24:262 50% completed
02/02/2020 22:37:00:375 76% completed
02/02/2020 22:42:44:899 90% completed
02/02/2020 22:43:01:131 100% done:  InterProScan analyses completed 

02/02/2020 22:43:02:406 Welcome to InterProScan-5.40-77.0
02/02/2020 22:43:02:407 Running InterProScan v5 in STANDALONE mode... on Linux
02/02/2020 22:43:16:886 Loading file /vortexfs1/scratch/dgellermcgrath/scripts/run-interproscan/../../january-final-gbks-as-AA-fa/MAG_1369-final-gbk-AA.fa
02/02/2020 22:43:16:889 Running the following analyses:
[CDD-3.17,Coils-2.2.1,Gene3D-4.2.0,Hamap-2019_01,MobiDBLite-2.0,Pfam-32.0,PIRSF-3.02,PRINTS-42.0,ProSitePatterns-2019_01,ProSiteProfiles-2019_01,SFLD-4,SMART-7.1,SUPERFAMILY-1.75,TIGRFAM-15.0]
Available matches will be retrieved from the pre-calculated match lookup service.

Matches for any sequences that are not represented in the lookup service will be calculated locally.
02/02/2020 22:43:22:098 33% completed
02/02/2020 22:43:44:244 66% completed
02/02/2020 22:43:45:164 83% completed
02/02/2020 22:43:45:279 Match lookup info: 10% of the 3132 unique input sequences were found in the match lookup server. 
02/02/2020 23:05:09:350 90% completed
02/02/2020 23:07:05:956 100% done:  InterProScan analyses completed 

02/02/2020 23:07:07:242 Welcome to InterProScan-5.40-77.0
02/02/2020 23:07:07:243 Running InterProScan v5 in STANDALONE mode... on Linux
02/02/2020 23:07:21:613 Loading file /vortexfs1/scratch/dgellermcgrath/scripts/run-interproscan/../../january-final-gbks-as-AA-fa/MAG_1371-final-gbk-AA.fa
02/02/2020 23:07:21:614 Running the following analyses:
[CDD-3.17,Coils-2.2.1,Gene3D-4.2.0,Hamap-2019_01,MobiDBLite-2.0,Pfam-32.0,PIRSF-3.02,PRINTS-42.0,ProSitePatterns-2019_01,ProSiteProfiles-2019_01,SFLD-4,SMART-7.1,SUPERFAMILY-1.75,TIGRFAM-15.0]
Available matches will be retrieved from the pre-calculated match lookup service.

Matches for any sequences that are not represented in the lookup service will be calculated locally.
02/02/2020 23:07:54:557 25% completed
02/02/2020 23:11:35:568 50% completed
02/02/2020 23:16:53:408 76% completed
02/02/2020 23:19:39:370 90% completed
02/02/2020 23:23:30:714 100% done:  InterProScan analyses completed 

02/02/2020 23:23:32:002 Welcome to InterProScan-5.40-77.0
02/02/2020 23:23:32:004 Running InterProScan v5 in STANDALONE mode... on Linux
02/02/2020 23:23:45:979 Loading file /vortexfs1/scratch/dgellermcgrath/scripts/run-interproscan/../../january-final-gbks-as-AA-fa/MAG_1372-final-gbk-AA.fa
02/02/2020 23:23:45:981 Running the following analyses:
[CDD-3.17,Coils-2.2.1,Gene3D-4.2.0,Hamap-2019_01,MobiDBLite-2.0,Pfam-32.0,PIRSF-3.02,PRINTS-42.0,ProSitePatterns-2019_01,ProSiteProfiles-2019_01,SFLD-4,SMART-7.1,SUPERFAMILY-1.75,TIGRFAM-15.0]
Available matches will be retrieved from the pre-calculated match lookup service.

Matches for any sequences that are not represented in the lookup service will be calculated locally.
02/02/2020 23:23:52:927 Match lookup info: 0% of the 2403 unique input sequences were found in the match lookup server. 
02/02/2020 23:26:02:325 25% completed
02/02/2020 23:32:54:912 50% completed
02/02/2020 23:37:58:897 75% completed
02/02/2020 23:43:21:379 90% completed
02/02/2020 23:44:15:391 100% done:  InterProScan analyses completed 

02/02/2020 23:44:16:681 Welcome to InterProScan-5.40-77.0
02/02/2020 23:44:16:682 Running InterProScan v5 in STANDALONE mode... on Linux
02/02/2020 23:44:30:563 Loading file /vortexfs1/scratch/dgellermcgrath/scripts/run-interproscan/../../january-final-gbks-as-AA-fa/MAG_1374-final-gbk-AA.fa
02/02/2020 23:44:30:565 Running the following analyses:
[CDD-3.17,Coils-2.2.1,Gene3D-4.2.0,Hamap-2019_01,MobiDBLite-2.0,Pfam-32.0,PIRSF-3.02,PRINTS-42.0,ProSitePatterns-2019_01,ProSiteProfiles-2019_01,SFLD-4,SMART-7.1,SUPERFAMILY-1.75,TIGRFAM-15.0]
Available matches will be retrieved from the pre-calculated match lookup service.

Matches for any sequences that are not represented in the lookup service will be calculated locally.
02/02/2020 23:44:58:394 25% completed
02/02/2020 23:47:10:402 51% completed
02/02/2020 23:51:17:131 75% completed
03/02/2020 00:01:12:612 90% completed
03/02/2020 00:01:27:027 100% done:  InterProScan analyses completed 

03/02/2020 00:01:28:285 Welcome to InterProScan-5.40-77.0
03/02/2020 00:01:28:286 Running InterProScan v5 in STANDALONE mode... on Linux
03/02/2020 00:01:43:380 Loading file /vortexfs1/scratch/dgellermcgrath/scripts/run-interproscan/../../january-final-gbks-as-AA-fa/MAG_1375-final-gbk-AA.fa
03/02/2020 00:01:43:382 Running the following analyses:
[CDD-3.17,Coils-2.2.1,Gene3D-4.2.0,Hamap-2019_01,MobiDBLite-2.0,Pfam-32.0,PIRSF-3.02,PRINTS-42.0,ProSitePatterns-2019_01,ProSiteProfiles-2019_01,SFLD-4,SMART-7.1,SUPERFAMILY-1.75,TIGRFAM-15.0]
Available matches will be retrieved from the pre-calculated match lookup service.

Matches for any sequences that are not represented in the lookup service will be calculated locally.
03/02/2020 00:01:55:565 33% completed
03/02/2020 00:02:01:310 66% completed
03/02/2020 00:02:01:826 83% completed
03/02/2020 00:02:01:988 Match lookup info: 4% of the 3649 unique input sequences were found in the match lookup server. 
03/02/2020 00:18:54:418 90% completed
03/02/2020 00:19:22:755 100% done:  InterProScan analyses completed 

03/02/2020 00:19:24:066 Welcome to InterProScan-5.40-77.0
03/02/2020 00:19:24:067 Running InterProScan v5 in STANDALONE mode... on Linux
03/02/2020 00:19:37:120 Loading file /vortexfs1/scratch/dgellermcgrath/scripts/run-interproscan/../../january-final-gbks-as-AA-fa/MAG_1384-final-gbk-AA.fa
03/02/2020 00:19:37:121 Running the following analyses:
[CDD-3.17,Coils-2.2.1,Gene3D-4.2.0,Hamap-2019_01,MobiDBLite-2.0,Pfam-32.0,PIRSF-3.02,PRINTS-42.0,ProSitePatterns-2019_01,ProSiteProfiles-2019_01,SFLD-4,SMART-7.1,SUPERFAMILY-1.75,TIGRFAM-15.0]
Available matches will be retrieved from the pre-calculated match lookup service.

Matches for any sequences that are not represented in the lookup service will be calculated locally.
03/02/2020 00:19:43:918 Match lookup info: 0% of the 2232 unique input sequences were found in the match lookup server. 
ERROR: uk.ac.ebi.interpro.scan.management.model.implementations.RunBinaryStep - Command line failed with exit code: 17
Command: bin/prosite/ps_scan.pl -d data/prosite/2019_01/prosite.dat -w bin/prosite/pfsearch -s -m -o gff -y data/prosite/2019_01/prosite_models /vortexfs1/scratch/dgellermcgrath/scripts/run-interproscan/temp/pn119_20200203_001927681_h945//jobPrositeProfiles/000000002001_000000002232.fasta 
Error output from binary:
Unable to create /vortexfs1/scratch/dgellermcgrath/scripts/run-interproscan/temp/pn119_20200203_001927681_h945//jobPrositeProfiles//pn119 at bin/prosite/ps_scan.pl line 923.

ERROR: uk.ac.ebi.interpro.scan.jms.worker.LocalJobQueueListener - Execution thrown when attempting to executeInTransaction the StepExecution.  All database activity rolled back.
java.lang.IllegalStateException: Command line failed with exit code: 17
Command: bin/prosite/ps_scan.pl -d data/prosite/2019_01/prosite.dat -w bin/prosite/pfsearch -s -m -o gff -y data/prosite/2019_01/prosite_models /vortexfs1/scratch/dgellermcgrath/scripts/run-interproscan/temp/pn119_20200203_001927681_h945//jobPrositeProfiles/000000002001_000000002232.fasta 
Error output from binary:
Unable to create /vortexfs1/scratch/dgellermcgrath/scripts/run-interproscan/temp/pn119_20200203_001927681_h945//jobPrositeProfiles//pn119 at bin/prosite/ps_scan.pl line 923.

	at uk.ac.ebi.interpro.scan.management.model.implementations.RunBinaryStep.execute(RunBinaryStep.java:200)
	at uk.ac.ebi.interpro.scan.jms.activemq.StepExecutionTransactionImpl.executeInTransaction(StepExecutionTransactionImpl.java:86)
	at jdk.internal.reflect.GeneratedMethodAccessor99.invoke(Unknown Source)
	at java.base/jdk.internal.reflect.DelegatingMethodAccessorImpl.invoke(DelegatingMethodAccessorImpl.java:43)
	at java.base/java.lang.reflect.Method.invoke(Method.java:566)
	at org.springframework.aop.support.AopUtils.invokeJoinpointUsingReflection(AopUtils.java:343)
	at org.springframework.aop.framework.ReflectiveMethodInvocation.invokeJoinpoint(ReflectiveMethodInvocation.java:198)
	at org.springframework.aop.framework.ReflectiveMethodInvocation.proceed(ReflectiveMethodInvocation.java:163)
	at org.springframework.transaction.interceptor.TransactionAspectSupport.invokeWithinTransaction(TransactionAspectSupport.java:294)
	at org.springframework.transaction.interceptor.TransactionInterceptor.invoke(TransactionInterceptor.java:98)
	at org.springframework.aop.framework.ReflectiveMethodInvocation.proceed(ReflectiveMethodInvocation.java:186)
	at org.springframework.aop.framework.JdkDynamicAopProxy.invoke(JdkDynamicAopProxy.java:212)
	at com.sun.proxy.$Proxy142.executeInTransaction(Unknown Source)
	at uk.ac.ebi.interpro.scan.jms.worker.LocalJobQueueListener.onMessage(LocalJobQueueListener.java:193)
	at org.springframework.jms.listener.AbstractMessageListenerContainer.doInvokeListener(AbstractMessageListenerContainer.java:761)
	at org.springframework.jms.listener.AbstractMessageListenerContainer.invokeListener(AbstractMessageListenerContainer.java:699)
	at org.springframework.jms.listener.AbstractMessageListenerContainer.doExecuteListener(AbstractMessageListenerContainer.java:674)
	at org.springframework.jms.listener.AbstractPollingMessageListenerContainer.doReceiveAndExecute(AbstractPollingMessageListenerContainer.java:318)
	at org.springframework.jms.listener.AbstractPollingMessageListenerContainer.receiveAndExecute(AbstractPollingMessageListenerContainer.java:257)
	at org.springframework.jms.listener.DefaultMessageListenerContainer$AsyncMessageListenerInvoker.invokeListener(DefaultMessageListenerContainer.java:1189)
	at org.springframework.jms.listener.DefaultMessageListenerContainer$AsyncMessageListenerInvoker.executeOngoingLoop(DefaultMessageListenerContainer.java:1179)
	at org.springframework.jms.listener.DefaultMessageListenerContainer$AsyncMessageListenerInvoker.run(DefaultMessageListenerContainer.java:1076)
	at java.base/java.lang.Thread.run(Thread.java:834)
ERROR: uk.ac.ebi.interpro.scan.jms.worker.LocalJobQueueListener - The exception is :
java.lang.IllegalStateException: Command line failed with exit code: 17
Command: bin/prosite/ps_scan.pl -d data/prosite/2019_01/prosite.dat -w bin/prosite/pfsearch -s -m -o gff -y data/prosite/2019_01/prosite_models /vortexfs1/scratch/dgellermcgrath/scripts/run-interproscan/temp/pn119_20200203_001927681_h945//jobPrositeProfiles/000000002001_000000002232.fasta 
Error output from binary:
Unable to create /vortexfs1/scratch/dgellermcgrath/scripts/run-interproscan/temp/pn119_20200203_001927681_h945//jobPrositeProfiles//pn119 at bin/prosite/ps_scan.pl line 923.

	at uk.ac.ebi.interpro.scan.management.model.implementations.RunBinaryStep.execute(RunBinaryStep.java:200)
	at uk.ac.ebi.interpro.scan.jms.activemq.StepExecutionTransactionImpl.executeInTransaction(StepExecutionTransactionImpl.java:86)
	at jdk.internal.reflect.GeneratedMethodAccessor99.invoke(Unknown Source)
	at java.base/jdk.internal.reflect.DelegatingMethodAccessorImpl.invoke(DelegatingMethodAccessorImpl.java:43)
	at java.base/java.lang.reflect.Method.invoke(Method.java:566)
	at org.springframework.aop.support.AopUtils.invokeJoinpointUsingReflection(AopUtils.java:343)
	at org.springframework.aop.framework.ReflectiveMethodInvocation.invokeJoinpoint(ReflectiveMethodInvocation.java:198)
	at org.springframework.aop.framework.ReflectiveMethodInvocation.proceed(ReflectiveMethodInvocation.java:163)
	at org.springframework.transaction.interceptor.TransactionAspectSupport.invokeWithinTransaction(TransactionAspectSupport.java:294)
	at org.springframework.transaction.interceptor.TransactionInterceptor.invoke(TransactionInterceptor.java:98)
	at org.springframework.aop.framework.ReflectiveMethodInvocation.proceed(ReflectiveMethodInvocation.java:186)
	at org.springframework.aop.framework.JdkDynamicAopProxy.invoke(JdkDynamicAopProxy.java:212)
	at com.sun.proxy.$Proxy142.executeInTransaction(Unknown Source)
	at uk.ac.ebi.interpro.scan.jms.worker.LocalJobQueueListener.onMessage(LocalJobQueueListener.java:193)
	at org.springframework.jms.listener.AbstractMessageListenerContainer.doInvokeListener(AbstractMessageListenerContainer.java:761)
	at org.springframework.jms.listener.AbstractMessageListenerContainer.invokeListener(AbstractMessageListenerContainer.java:699)
	at org.springframework.jms.listener.AbstractMessageListenerContainer.doExecuteListener(AbstractMessageListenerContainer.java:674)
	at org.springframework.jms.listener.AbstractPollingMessageListenerContainer.doReceiveAndExecute(AbstractPollingMessageListenerContainer.java:318)
	at org.springframework.jms.listener.AbstractPollingMessageListenerContainer.receiveAndExecute(AbstractPollingMessageListenerContainer.java:257)
	at org.springframework.jms.listener.DefaultMessageListenerContainer$AsyncMessageListenerInvoker.invokeListener(DefaultMessageListenerContainer.java:1189)
	at org.springframework.jms.listener.DefaultMessageListenerContainer$AsyncMessageListenerInvoker.executeOngoingLoop(DefaultMessageListenerContainer.java:1179)
	at org.springframework.jms.listener.DefaultMessageListenerContainer$AsyncMessageListenerInvoker.run(DefaultMessageListenerContainer.java:1076)
	at java.base/java.lang.Thread.run(Thread.java:834)
ERROR: uk.ac.ebi.interpro.scan.jms.worker.LocalJobQueueListener - 2. The exception is :java.lang.IllegalStateException: Command line failed with exit code: 17
Command: bin/prosite/ps_scan.pl -d data/prosite/2019_01/prosite.dat -w bin/prosite/pfsearch -s -m -o gff -y data/prosite/2019_01/prosite_models /vortexfs1/scratch/dgellermcgrath/scripts/run-interproscan/temp/pn119_20200203_001927681_h945//jobPrositeProfiles/000000002001_000000002232.fasta 
Error output from binary:
Unable to create /vortexfs1/scratch/dgellermcgrath/scripts/run-interproscan/temp/pn119_20200203_001927681_h945//jobPrositeProfiles//pn119 at bin/prosite/ps_scan.pl line 923.

ERROR: uk.ac.ebi.interpro.scan.jms.worker.LocalJobQueueListener - StepExecution with errors - stepName: stepPrositeProfilesRunBinary
WARN : uk.ac.ebi.interpro.scan.jms.master.StandaloneBlackBoxMaster - StepInstance 83 is being re-run following a failure.
ERROR: uk.ac.ebi.interpro.scan.management.model.implementations.RunBinaryStep - Command line failed with exit code: 17
Command: bin/prosite/ps_scan.pl -d data/prosite/2019_01/prosite.dat -w bin/prosite/pfsearch -s -m -o gff -y data/prosite/2019_01/prosite_models /vortexfs1/scratch/dgellermcgrath/scripts/run-interproscan/temp/pn119_20200203_001927681_h945//jobPrositeProfiles/000000001001_000000002000.fasta 
Error output from binary:
Unable to create /vortexfs1/scratch/dgellermcgrath/scripts/run-interproscan/temp/pn119_20200203_001927681_h945//jobPrositeProfiles//pn119 at bin/prosite/ps_scan.pl line 923.

ERROR: uk.ac.ebi.interpro.scan.jms.worker.LocalJobQueueListener - Execution thrown when attempting to executeInTransaction the StepExecution.  All database activity rolled back.
java.lang.IllegalStateException: Command line failed with exit code: 17
Command: bin/prosite/ps_scan.pl -d data/prosite/2019_01/prosite.dat -w bin/prosite/pfsearch -s -m -o gff -y data/prosite/2019_01/prosite_models /vortexfs1/scratch/dgellermcgrath/scripts/run-interproscan/temp/pn119_20200203_001927681_h945//jobPrositeProfiles/000000001001_000000002000.fasta 
Error output from binary:
Unable to create /vortexfs1/scratch/dgellermcgrath/scripts/run-interproscan/temp/pn119_20200203_001927681_h945//jobPrositeProfiles//pn119 at bin/prosite/ps_scan.pl line 923.

	at uk.ac.ebi.interpro.scan.management.model.implementations.RunBinaryStep.execute(RunBinaryStep.java:200)
	at uk.ac.ebi.interpro.scan.jms.activemq.StepExecutionTransactionImpl.executeInTransaction(StepExecutionTransactionImpl.java:86)
	at jdk.internal.reflect.GeneratedMethodAccessor99.invoke(Unknown Source)
	at java.base/jdk.internal.reflect.DelegatingMethodAccessorImpl.invoke(DelegatingMethodAccessorImpl.java:43)
	at java.base/java.lang.reflect.Method.invoke(Method.java:566)
	at org.springframework.aop.support.AopUtils.invokeJoinpointUsingReflection(AopUtils.java:343)
	at org.springframework.aop.framework.ReflectiveMethodInvocation.invokeJoinpoint(ReflectiveMethodInvocation.java:198)
	at org.springframework.aop.framework.ReflectiveMethodInvocation.proceed(ReflectiveMethodInvocation.java:163)
	at org.springframework.transaction.interceptor.TransactionAspectSupport.invokeWithinTransaction(TransactionAspectSupport.java:294)
	at org.springframework.transaction.interceptor.TransactionInterceptor.invoke(TransactionInterceptor.java:98)
	at org.springframework.aop.framework.ReflectiveMethodInvocation.proceed(ReflectiveMethodInvocation.java:186)
	at org.springframework.aop.framework.JdkDynamicAopProxy.invoke(JdkDynamicAopProxy.java:212)
	at com.sun.proxy.$Proxy142.executeInTransaction(Unknown Source)
	at uk.ac.ebi.interpro.scan.jms.worker.LocalJobQueueListener.onMessage(LocalJobQueueListener.java:193)
	at org.springframework.jms.listener.AbstractMessageListenerContainer.doInvokeListener(AbstractMessageListenerContainer.java:761)
	at org.springframework.jms.listener.AbstractMessageListenerContainer.invokeListener(AbstractMessageListenerContainer.java:699)
	at org.springframework.jms.listener.AbstractMessageListenerContainer.doExecuteListener(AbstractMessageListenerContainer.java:674)
	at org.springframework.jms.listener.AbstractPollingMessageListenerContainer.doReceiveAndExecute(AbstractPollingMessageListenerContainer.java:318)
	at org.springframework.jms.listener.AbstractPollingMessageListenerContainer.receiveAndExecute(AbstractPollingMessageListenerContainer.java:257)
	at org.springframework.jms.listener.DefaultMessageListenerContainer$AsyncMessageListenerInvoker.invokeListener(DefaultMessageListenerContainer.java:1189)
	at org.springframework.jms.listener.DefaultMessageListenerContainer$AsyncMessageListenerInvoker.executeOngoingLoop(DefaultMessageListenerContainer.java:1179)
	at org.springframework.jms.listener.DefaultMessageListenerContainer$AsyncMessageListenerInvoker.run(DefaultMessageListenerContainer.java:1076)
	at java.base/java.lang.Thread.run(Thread.java:834)
ERROR: uk.ac.ebi.interpro.scan.jms.worker.LocalJobQueueListener - The exception is :
java.lang.IllegalStateException: Command line failed with exit code: 17
Command: bin/prosite/ps_scan.pl -d data/prosite/2019_01/prosite.dat -w bin/prosite/pfsearch -s -m -o gff -y data/prosite/2019_01/prosite_models /vortexfs1/scratch/dgellermcgrath/scripts/run-interproscan/temp/pn119_20200203_001927681_h945//jobPrositeProfiles/000000001001_000000002000.fasta 
Error output from binary:
Unable to create /vortexfs1/scratch/dgellermcgrath/scripts/run-interproscan/temp/pn119_20200203_001927681_h945//jobPrositeProfiles//pn119 at bin/prosite/ps_scan.pl line 923.

	at uk.ac.ebi.interpro.scan.management.model.implementations.RunBinaryStep.execute(RunBinaryStep.java:200)
	at uk.ac.ebi.interpro.scan.jms.activemq.StepExecutionTransactionImpl.executeInTransaction(StepExecutionTransactionImpl.java:86)
	at jdk.internal.reflect.GeneratedMethodAccessor99.invoke(Unknown Source)
	at java.base/jdk.internal.reflect.DelegatingMethodAccessorImpl.invoke(DelegatingMethodAccessorImpl.java:43)
	at java.base/java.lang.reflect.Method.invoke(Method.java:566)
	at org.springframework.aop.support.AopUtils.invokeJoinpointUsingReflection(AopUtils.java:343)
	at org.springframework.aop.framework.ReflectiveMethodInvocation.invokeJoinpoint(ReflectiveMethodInvocation.java:198)
	at org.springframework.aop.framework.ReflectiveMethodInvocation.proceed(ReflectiveMethodInvocation.java:163)
	at org.springframework.transaction.interceptor.TransactionAspectSupport.invokeWithinTransaction(TransactionAspectSupport.java:294)
	at org.springframework.transaction.interceptor.TransactionInterceptor.invoke(TransactionInterceptor.java:98)
	at org.springframework.aop.framework.ReflectiveMethodInvocation.proceed(ReflectiveMethodInvocation.java:186)
	at org.springframework.aop.framework.JdkDynamicAopProxy.invoke(JdkDynamicAopProxy.java:212)
	at com.sun.proxy.$Proxy142.executeInTransaction(Unknown Source)
	at uk.ac.ebi.interpro.scan.jms.worker.LocalJobQueueListener.onMessage(LocalJobQueueListener.java:193)
	at org.springframework.jms.listener.AbstractMessageListenerContainer.doInvokeListener(AbstractMessageListenerContainer.java:761)
	at org.springframework.jms.listener.AbstractMessageListenerContainer.invokeListener(AbstractMessageListenerContainer.java:699)
	at org.springframework.jms.listener.AbstractMessageListenerContainer.doExecuteListener(AbstractMessageListenerContainer.java:674)
	at org.springframework.jms.listener.AbstractPollingMessageListenerContainer.doReceiveAndExecute(AbstractPollingMessageListenerContainer.java:318)
	at org.springframework.jms.listener.AbstractPollingMessageListenerContainer.receiveAndExecute(AbstractPollingMessageListenerContainer.java:257)
	at org.springframework.jms.listener.DefaultMessageListenerContainer$AsyncMessageListenerInvoker.invokeListener(DefaultMessageListenerContainer.java:1189)
	at org.springframework.jms.listener.DefaultMessageListenerContainer$AsyncMessageListenerInvoker.executeOngoingLoop(DefaultMessageListenerContainer.java:1179)
	at org.springframework.jms.listener.DefaultMessageListenerContainer$AsyncMessageListenerInvoker.run(DefaultMessageListenerContainer.java:1076)
	at java.base/java.lang.Thread.run(Thread.java:834)
ERROR: uk.ac.ebi.interpro.scan.jms.worker.LocalJobQueueListener - 2. The exception is :java.lang.IllegalStateException: Command line failed with exit code: 17
Command: bin/prosite/ps_scan.pl -d data/prosite/2019_01/prosite.dat -w bin/prosite/pfsearch -s -m -o gff -y data/prosite/2019_01/prosite_models /vortexfs1/scratch/dgellermcgrath/scripts/run-interproscan/temp/pn119_20200203_001927681_h945//jobPrositeProfiles/000000001001_000000002000.fasta 
Error output from binary:
Unable to create /vortexfs1/scratch/dgellermcgrath/scripts/run-interproscan/temp/pn119_20200203_001927681_h945//jobPrositeProfiles//pn119 at bin/prosite/ps_scan.pl line 923.

ERROR: uk.ac.ebi.interpro.scan.jms.worker.LocalJobQueueListener - StepExecution with errors - stepName: stepPrositeProfilesRunBinary
WARN : uk.ac.ebi.interpro.scan.jms.master.StandaloneBlackBoxMaster - StepInstance 70 is being re-run following a failure.
03/02/2020 00:21:07:319 25% completed
03/02/2020 00:26:31:486 50% completed
03/02/2020 00:33:50:308 75% completed
03/02/2020 00:39:03:488 90% completed
03/02/2020 00:39:50:245 100% done:  InterProScan analyses completed 

03/02/2020 00:39:51:531 Welcome to InterProScan-5.40-77.0
03/02/2020 00:39:51:533 Running InterProScan v5 in STANDALONE mode... on Linux
03/02/2020 00:40:05:806 Loading file /vortexfs1/scratch/dgellermcgrath/scripts/run-interproscan/../../january-final-gbks-as-AA-fa/MAG_1388-final-gbk-AA.fa
03/02/2020 00:40:05:809 Running the following analyses:
[CDD-3.17,Coils-2.2.1,Gene3D-4.2.0,Hamap-2019_01,MobiDBLite-2.0,Pfam-32.0,PIRSF-3.02,PRINTS-42.0,ProSitePatterns-2019_01,ProSiteProfiles-2019_01,SFLD-4,SMART-7.1,SUPERFAMILY-1.75,TIGRFAM-15.0]
Available matches will be retrieved from the pre-calculated match lookup service.

Matches for any sequences that are not represented in the lookup service will be calculated locally.
03/02/2020 00:40:13:888 37% completed
03/02/2020 00:40:13:993 62% completed
03/02/2020 00:40:14:103 87% completed
03/02/2020 00:40:14:281 Match lookup info: 0% of the 5657 unique input sequences were found in the match lookup server. 
03/02/2020 01:09:32:119 90% completed
03/02/2020 01:26:47:937 100% done:  InterProScan analyses completed 

03/02/2020 01:26:49:194 Welcome to InterProScan-5.40-77.0
03/02/2020 01:26:49:195 Running InterProScan v5 in STANDALONE mode... on Linux
03/02/2020 01:27:04:409 Loading file /vortexfs1/scratch/dgellermcgrath/scripts/run-interproscan/../../january-final-gbks-as-AA-fa/MAG_1389-final-gbk-AA.fa
03/02/2020 01:27:04:411 Running the following analyses:
[CDD-3.17,Coils-2.2.1,Gene3D-4.2.0,Hamap-2019_01,MobiDBLite-2.0,Pfam-32.0,PIRSF-3.02,PRINTS-42.0,ProSitePatterns-2019_01,ProSiteProfiles-2019_01,SFLD-4,SMART-7.1,SUPERFAMILY-1.75,TIGRFAM-15.0]
Available matches will be retrieved from the pre-calculated match lookup service.

Matches for any sequences that are not represented in the lookup service will be calculated locally.
03/02/2020 01:27:08:561 33% completed
03/02/2020 01:27:11:160 66% completed
03/02/2020 01:27:11:273 83% completed
03/02/2020 01:27:11:404 Match lookup info: 0% of the 3455 unique input sequences were found in the match lookup server. 
03/02/2020 01:49:42:210 91% completed
03/02/2020 01:50:45:450 100% done:  InterProScan analyses completed 

03/02/2020 01:50:46:734 Welcome to InterProScan-5.40-77.0
03/02/2020 01:50:46:736 Running InterProScan v5 in STANDALONE mode... on Linux
03/02/2020 01:51:01:072 Loading file /vortexfs1/scratch/dgellermcgrath/scripts/run-interproscan/../../january-final-gbks-as-AA-fa/MAG_1392-final-gbk-AA.fa
03/02/2020 01:51:01:074 Running the following analyses:
[CDD-3.17,Coils-2.2.1,Gene3D-4.2.0,Hamap-2019_01,MobiDBLite-2.0,Pfam-32.0,PIRSF-3.02,PRINTS-42.0,ProSitePatterns-2019_01,ProSiteProfiles-2019_01,SFLD-4,SMART-7.1,SUPERFAMILY-1.75,TIGRFAM-15.0]
Available matches will be retrieved from the pre-calculated match lookup service.

Matches for any sequences that are not represented in the lookup service will be calculated locally.
03/02/2020 01:51:04:936 28% completed
03/02/2020 01:51:09:553 57% completed
03/02/2020 01:51:09:661 85% completed
03/02/2020 01:51:09:817 Match lookup info: 0% of the 4333 unique input sequences were found in the match lookup server. 
03/02/2020 02:12:43:328 90% completed
03/02/2020 02:16:53:373 100% done:  InterProScan analyses completed 

03/02/2020 02:16:54:663 Welcome to InterProScan-5.40-77.0
03/02/2020 02:16:54:664 Running InterProScan v5 in STANDALONE mode... on Linux
03/02/2020 02:17:09:036 Loading file /vortexfs1/scratch/dgellermcgrath/scripts/run-interproscan/../../january-final-gbks-as-AA-fa/MAG_1394-final-gbk-AA.fa
03/02/2020 02:17:09:038 Running the following analyses:
[CDD-3.17,Coils-2.2.1,Gene3D-4.2.0,Hamap-2019_01,MobiDBLite-2.0,Pfam-32.0,PIRSF-3.02,PRINTS-42.0,ProSitePatterns-2019_01,ProSiteProfiles-2019_01,SFLD-4,SMART-7.1,SUPERFAMILY-1.75,TIGRFAM-15.0]
Available matches will be retrieved from the pre-calculated match lookup service.

Matches for any sequences that are not represented in the lookup service will be calculated locally.
ERROR: uk.ac.ebi.interpro.scan.management.model.implementations.RunBinaryStep - Command line failed with exit code: 17
Command: bin/prosite/ps_scan.pl -d data/prosite/2019_01/prosite.dat -w bin/prosite/pfsearch -s -m -o gff -y data/prosite/2019_01/prosite_models /vortexfs1/scratch/dgellermcgrath/scripts/run-interproscan/temp/pn119_20200203_021658405_3o2m//jobPrositeProfiles/000000000001_000000001000.fasta 
Error output from binary:
Unable to create /vortexfs1/scratch/dgellermcgrath/scripts/run-interproscan/temp/pn119_20200203_021658405_3o2m//jobPrositeProfiles//pn119 at bin/prosite/ps_scan.pl line 923.

ERROR: uk.ac.ebi.interpro.scan.jms.worker.LocalJobQueueListener - Execution thrown when attempting to executeInTransaction the StepExecution.  All database activity rolled back.
java.lang.IllegalStateException: Command line failed with exit code: 17
Command: bin/prosite/ps_scan.pl -d data/prosite/2019_01/prosite.dat -w bin/prosite/pfsearch -s -m -o gff -y data/prosite/2019_01/prosite_models /vortexfs1/scratch/dgellermcgrath/scripts/run-interproscan/temp/pn119_20200203_021658405_3o2m//jobPrositeProfiles/000000000001_000000001000.fasta 
Error output from binary:
Unable to create /vortexfs1/scratch/dgellermcgrath/scripts/run-interproscan/temp/pn119_20200203_021658405_3o2m//jobPrositeProfiles//pn119 at bin/prosite/ps_scan.pl line 923.

	at uk.ac.ebi.interpro.scan.management.model.implementations.RunBinaryStep.execute(RunBinaryStep.java:200)
	at uk.ac.ebi.interpro.scan.jms.activemq.StepExecutionTransactionImpl.executeInTransaction(StepExecutionTransactionImpl.java:86)
	at jdk.internal.reflect.GeneratedMethodAccessor101.invoke(Unknown Source)
	at java.base/jdk.internal.reflect.DelegatingMethodAccessorImpl.invoke(DelegatingMethodAccessorImpl.java:43)
	at java.base/java.lang.reflect.Method.invoke(Method.java:566)
	at org.springframework.aop.support.AopUtils.invokeJoinpointUsingReflection(AopUtils.java:343)
	at org.springframework.aop.framework.ReflectiveMethodInvocation.invokeJoinpoint(ReflectiveMethodInvocation.java:198)
	at org.springframework.aop.framework.ReflectiveMethodInvocation.proceed(ReflectiveMethodInvocation.java:163)
	at org.springframework.transaction.interceptor.TransactionAspectSupport.invokeWithinTransaction(TransactionAspectSupport.java:294)
	at org.springframework.transaction.interceptor.TransactionInterceptor.invoke(TransactionInterceptor.java:98)
	at org.springframework.aop.framework.ReflectiveMethodInvocation.proceed(ReflectiveMethodInvocation.java:186)
	at org.springframework.aop.framework.JdkDynamicAopProxy.invoke(JdkDynamicAopProxy.java:212)
	at com.sun.proxy.$Proxy142.executeInTransaction(Unknown Source)
	at uk.ac.ebi.interpro.scan.jms.worker.LocalJobQueueListener.onMessage(LocalJobQueueListener.java:193)
	at org.springframework.jms.listener.AbstractMessageListenerContainer.doInvokeListener(AbstractMessageListenerContainer.java:761)
	at org.springframework.jms.listener.AbstractMessageListenerContainer.invokeListener(AbstractMessageListenerContainer.java:699)
	at org.springframework.jms.listener.AbstractMessageListenerContainer.doExecuteListener(AbstractMessageListenerContainer.java:674)
	at org.springframework.jms.listener.AbstractPollingMessageListenerContainer.doReceiveAndExecute(AbstractPollingMessageListenerContainer.java:318)
	at org.springframework.jms.listener.AbstractPollingMessageListenerContainer.receiveAndExecute(AbstractPollingMessageListenerContainer.java:257)
	at org.springframework.jms.listener.DefaultMessageListenerContainer$AsyncMessageListenerInvoker.invokeListener(DefaultMessageListenerContainer.java:1189)
	at org.springframework.jms.listener.DefaultMessageListenerContainer$AsyncMessageListenerInvoker.executeOngoingLoop(DefaultMessageListenerContainer.java:1179)
	at org.springframework.jms.listener.DefaultMessageListenerContainer$AsyncMessageListenerInvoker.run(DefaultMessageListenerContainer.java:1076)
	at java.base/java.lang.Thread.run(Thread.java:834)
ERROR: uk.ac.ebi.interpro.scan.jms.worker.LocalJobQueueListener - The exception is :
java.lang.IllegalStateException: Command line failed with exit code: 17
Command: bin/prosite/ps_scan.pl -d data/prosite/2019_01/prosite.dat -w bin/prosite/pfsearch -s -m -o gff -y data/prosite/2019_01/prosite_models /vortexfs1/scratch/dgellermcgrath/scripts/run-interproscan/temp/pn119_20200203_021658405_3o2m//jobPrositeProfiles/000000000001_000000001000.fasta 
Error output from binary:
Unable to create /vortexfs1/scratch/dgellermcgrath/scripts/run-interproscan/temp/pn119_20200203_021658405_3o2m//jobPrositeProfiles//pn119 at bin/prosite/ps_scan.pl line 923.

	at uk.ac.ebi.interpro.scan.management.model.implementations.RunBinaryStep.execute(RunBinaryStep.java:200)
	at uk.ac.ebi.interpro.scan.jms.activemq.StepExecutionTransactionImpl.executeInTransaction(StepExecutionTransactionImpl.java:86)
	at jdk.internal.reflect.GeneratedMethodAccessor101.invoke(Unknown Source)
	at java.base/jdk.internal.reflect.DelegatingMethodAccessorImpl.invoke(DelegatingMethodAccessorImpl.java:43)
	at java.base/java.lang.reflect.Method.invoke(Method.java:566)
	at org.springframework.aop.support.AopUtils.invokeJoinpointUsingReflection(AopUtils.java:343)
	at org.springframework.aop.framework.ReflectiveMethodInvocation.invokeJoinpoint(ReflectiveMethodInvocation.java:198)
	at org.springframework.aop.framework.ReflectiveMethodInvocation.proceed(ReflectiveMethodInvocation.java:163)
	at org.springframework.transaction.interceptor.TransactionAspectSupport.invokeWithinTransaction(TransactionAspectSupport.java:294)
	at org.springframework.transaction.interceptor.TransactionInterceptor.invoke(TransactionInterceptor.java:98)
	at org.springframework.aop.framework.ReflectiveMethodInvocation.proceed(ReflectiveMethodInvocation.java:186)
	at org.springframework.aop.framework.JdkDynamicAopProxy.invoke(JdkDynamicAopProxy.java:212)
	at com.sun.proxy.$Proxy142.executeInTransaction(Unknown Source)
	at uk.ac.ebi.interpro.scan.jms.worker.LocalJobQueueListener.onMessage(LocalJobQueueListener.java:193)
	at org.springframework.jms.listener.AbstractMessageListenerContainer.doInvokeListener(AbstractMessageListenerContainer.java:761)
	at org.springframework.jms.listener.AbstractMessageListenerContainer.invokeListener(AbstractMessageListenerContainer.java:699)
	at org.springframework.jms.listener.AbstractMessageListenerContainer.doExecuteListener(AbstractMessageListenerContainer.java:674)
	at org.springframework.jms.listener.AbstractPollingMessageListenerContainer.doReceiveAndExecute(AbstractPollingMessageListenerContainer.java:318)
	at org.springframework.jms.listener.AbstractPollingMessageListenerContainer.receiveAndExecute(AbstractPollingMessageListenerContainer.java:257)
	at org.springframework.jms.listener.DefaultMessageListenerContainer$AsyncMessageListenerInvoker.invokeListener(DefaultMessageListenerContainer.java:1189)
	at org.springframework.jms.listener.DefaultMessageListenerContainer$AsyncMessageListenerInvoker.executeOngoingLoop(DefaultMessageListenerContainer.java:1179)
	at org.springframework.jms.listener.DefaultMessageListenerContainer$AsyncMessageListenerInvoker.run(DefaultMessageListenerContainer.java:1076)
	at java.base/java.lang.Thread.run(Thread.java:834)
ERROR: uk.ac.ebi.interpro.scan.jms.worker.LocalJobQueueListener - 2. The exception is :java.lang.IllegalStateException: Command line failed with exit code: 17
Command: bin/prosite/ps_scan.pl -d data/prosite/2019_01/prosite.dat -w bin/prosite/pfsearch -s -m -o gff -y data/prosite/2019_01/prosite_models /vortexfs1/scratch/dgellermcgrath/scripts/run-interproscan/temp/pn119_20200203_021658405_3o2m//jobPrositeProfiles/000000000001_000000001000.fasta 
Error output from binary:
Unable to create /vortexfs1/scratch/dgellermcgrath/scripts/run-interproscan/temp/pn119_20200203_021658405_3o2m//jobPrositeProfiles//pn119 at bin/prosite/ps_scan.pl line 923.

ERROR: uk.ac.ebi.interpro.scan.jms.worker.LocalJobQueueListener - StepExecution with errors - stepName: stepPrositeProfilesRunBinary
WARN : uk.ac.ebi.interpro.scan.jms.master.StandaloneBlackBoxMaster - StepInstance 94 is being re-run following a failure.
03/02/2020 02:17:34:270 26% completed
03/02/2020 02:20:19:266 50% completed
03/02/2020 02:30:01:234 77% completed
03/02/2020 02:31:08:395 90% completed
03/02/2020 02:34:52:118 100% done:  InterProScan analyses completed 

03/02/2020 02:34:53:391 Welcome to InterProScan-5.40-77.0
03/02/2020 02:34:53:392 Running InterProScan v5 in STANDALONE mode... on Linux
03/02/2020 02:35:06:461 Loading file /vortexfs1/scratch/dgellermcgrath/scripts/run-interproscan/../../january-final-gbks-as-AA-fa/MAG_1396-final-gbk-AA.fa
03/02/2020 02:35:06:463 Running the following analyses:
[CDD-3.17,Coils-2.2.1,Gene3D-4.2.0,Hamap-2019_01,MobiDBLite-2.0,Pfam-32.0,PIRSF-3.02,PRINTS-42.0,ProSitePatterns-2019_01,ProSiteProfiles-2019_01,SFLD-4,SMART-7.1,SUPERFAMILY-1.75,TIGRFAM-15.0]
Available matches will be retrieved from the pre-calculated match lookup service.

Matches for any sequences that are not represented in the lookup service will be calculated locally.
03/02/2020 02:35:14:545 37% completed
03/02/2020 02:35:14:649 62% completed
03/02/2020 02:35:14:756 87% completed
03/02/2020 02:35:14:946 Match lookup info: 0% of the 5844 unique input sequences were found in the match lookup server. 
03/02/2020 02:57:34:707 90% completed
03/02/2020 03:09:15:259 100% done:  InterProScan analyses completed 

03/02/2020 03:09:16:527 Welcome to InterProScan-5.40-77.0
03/02/2020 03:09:16:528 Running InterProScan v5 in STANDALONE mode... on Linux
03/02/2020 03:09:30:713 Loading file /vortexfs1/scratch/dgellermcgrath/scripts/run-interproscan/../../january-final-gbks-as-AA-fa/MAG_1398-final-gbk-AA.fa
03/02/2020 03:09:30:715 Running the following analyses:
[CDD-3.17,Coils-2.2.1,Gene3D-4.2.0,Hamap-2019_01,MobiDBLite-2.0,Pfam-32.0,PIRSF-3.02,PRINTS-42.0,ProSitePatterns-2019_01,ProSiteProfiles-2019_01,SFLD-4,SMART-7.1,SUPERFAMILY-1.75,TIGRFAM-15.0]
Available matches will be retrieved from the pre-calculated match lookup service.

Matches for any sequences that are not represented in the lookup service will be calculated locally.
03/02/2020 03:09:36:834 28% completed
03/02/2020 03:09:37:882 85% completed
03/02/2020 03:09:38:067 Match lookup info: 0% of the 4739 unique input sequences were found in the match lookup server. 
03/02/2020 03:28:57:609 90% completed
03/02/2020 03:44:19:437 100% done:  InterProScan analyses completed 

03/02/2020 03:44:20:715 Welcome to InterProScan-5.40-77.0
03/02/2020 03:44:20:716 Running InterProScan v5 in STANDALONE mode... on Linux
03/02/2020 03:44:34:647 Loading file /vortexfs1/scratch/dgellermcgrath/scripts/run-interproscan/../../january-final-gbks-as-AA-fa/MAG_13-final-gbk-AA.fa
03/02/2020 03:44:34:648 Running the following analyses:
[CDD-3.17,Coils-2.2.1,Gene3D-4.2.0,Hamap-2019_01,MobiDBLite-2.0,Pfam-32.0,PIRSF-3.02,PRINTS-42.0,ProSitePatterns-2019_01,ProSiteProfiles-2019_01,SFLD-4,SMART-7.1,SUPERFAMILY-1.75,TIGRFAM-15.0]
Available matches will be retrieved from the pre-calculated match lookup service.

Matches for any sequences that are not represented in the lookup service will be calculated locally.
03/02/2020 03:45:08:150 25% completed
03/02/2020 03:47:33:922 51% completed
03/02/2020 03:52:09:847 75% completed
03/02/2020 04:00:42:949 90% completed
03/02/2020 04:00:56:279 100% done:  InterProScan analyses completed 

03/02/2020 04:00:57:546 Welcome to InterProScan-5.40-77.0
03/02/2020 04:00:57:547 Running InterProScan v5 in STANDALONE mode... on Linux
03/02/2020 04:01:11:988 Loading file /vortexfs1/scratch/dgellermcgrath/scripts/run-interproscan/../../january-final-gbks-as-AA-fa/MAG_1400-final-gbk-AA.fa
03/02/2020 04:01:11:989 Running the following analyses:
[CDD-3.17,Coils-2.2.1,Gene3D-4.2.0,Hamap-2019_01,MobiDBLite-2.0,Pfam-32.0,PIRSF-3.02,PRINTS-42.0,ProSitePatterns-2019_01,ProSiteProfiles-2019_01,SFLD-4,SMART-7.1,SUPERFAMILY-1.75,TIGRFAM-15.0]
Available matches will be retrieved from the pre-calculated match lookup service.

Matches for any sequences that are not represented in the lookup service will be calculated locally.
03/02/2020 04:01:15:341 33% completed
03/02/2020 04:01:19:392 66% completed
03/02/2020 04:01:19:503 83% completed
03/02/2020 04:01:19:638 Match lookup info: 0% of the 3240 unique input sequences were found in the match lookup server. 
03/02/2020 04:22:36:851 90% completed
03/02/2020 04:26:04:385 100% done:  InterProScan analyses completed 

03/02/2020 04:26:05:652 Welcome to InterProScan-5.40-77.0
03/02/2020 04:26:05:653 Running InterProScan v5 in STANDALONE mode... on Linux
03/02/2020 04:26:19:146 Loading file /vortexfs1/scratch/dgellermcgrath/scripts/run-interproscan/../../january-final-gbks-as-AA-fa/MAG_1408-final-gbk-AA.fa
03/02/2020 04:26:19:149 Running the following analyses:
[CDD-3.17,Coils-2.2.1,Gene3D-4.2.0,Hamap-2019_01,MobiDBLite-2.0,Pfam-32.0,PIRSF-3.02,PRINTS-42.0,ProSitePatterns-2019_01,ProSiteProfiles-2019_01,SFLD-4,SMART-7.1,SUPERFAMILY-1.75,TIGRFAM-15.0]
Available matches will be retrieved from the pre-calculated match lookup service.

Matches for any sequences that are not represented in the lookup service will be calculated locally.
03/02/2020 04:26:25:791 28% completed
03/02/2020 04:26:27:907 85% completed
03/02/2020 04:26:28:070 Match lookup info: 0% of the 4769 unique input sequences were found in the match lookup server. 
03/02/2020 04:46:00:729 90% completed
03/02/2020 04:59:28:957 100% done:  InterProScan analyses completed 

