02/02/2020 14:01:20:983 Welcome to InterProScan-5.40-77.0
02/02/2020 14:01:20:984 Running InterProScan v5 in STANDALONE mode... on Linux
02/02/2020 14:01:35:369 Loading file /vortexfs1/scratch/dgellermcgrath/scripts/run-interproscan/../../january-final-gbks-as-AA-fa/MAG_281-final-gbk-AA.fa
02/02/2020 14:01:35:372 Running the following analyses:
[CDD-3.17,Coils-2.2.1,Gene3D-4.2.0,Hamap-2019_01,MobiDBLite-2.0,Pfam-32.0,PIRSF-3.02,PRINTS-42.0,ProSitePatterns-2019_01,ProSiteProfiles-2019_01,SFLD-4,SMART-7.1,SUPERFAMILY-1.75,TIGRFAM-15.0]
Available matches will be retrieved from the pre-calculated match lookup service.

Matches for any sequences that are not represented in the lookup service will be calculated locally.
02/02/2020 14:02:05:283 28% completed
02/02/2020 14:02:41:421 57% completed
02/02/2020 14:02:43:258 85% completed
02/02/2020 14:02:43:376 Match lookup info: 41% of the 4397 unique input sequences were found in the match lookup server. 
02/02/2020 14:24:52:972 90% completed
02/02/2020 14:25:17:933 100% done:  InterProScan analyses completed 

02/02/2020 14:25:19:200 Welcome to InterProScan-5.40-77.0
02/02/2020 14:25:19:201 Running InterProScan v5 in STANDALONE mode... on Linux
02/02/2020 14:25:33:487 Loading file /vortexfs1/scratch/dgellermcgrath/scripts/run-interproscan/../../january-final-gbks-as-AA-fa/MAG_289-final-gbk-AA.fa
02/02/2020 14:25:33:489 Running the following analyses:
[CDD-3.17,Coils-2.2.1,Gene3D-4.2.0,Hamap-2019_01,MobiDBLite-2.0,Pfam-32.0,PIRSF-3.02,PRINTS-42.0,ProSitePatterns-2019_01,ProSiteProfiles-2019_01,SFLD-4,SMART-7.1,SUPERFAMILY-1.75,TIGRFAM-15.0]
Available matches will be retrieved from the pre-calculated match lookup service.

Matches for any sequences that are not represented in the lookup service will be calculated locally.
02/02/2020 14:25:37:981 33% completed
02/02/2020 14:25:47:955 66% completed
02/02/2020 14:25:48:062 83% completed
02/02/2020 14:25:48:300 Match lookup info: 0% of the 6373 unique input sequences were found in the match lookup server. 
02/02/2020 15:06:25:682 90% completed
02/02/2020 15:11:25:074 100% done:  InterProScan analyses completed 

02/02/2020 15:11:26:373 Welcome to InterProScan-5.40-77.0
02/02/2020 15:11:26:374 Running InterProScan v5 in STANDALONE mode... on Linux
02/02/2020 15:11:40:572 Loading file /vortexfs1/scratch/dgellermcgrath/scripts/run-interproscan/../../january-final-gbks-as-AA-fa/MAG_28-final-gbk-AA.fa
02/02/2020 15:11:40:573 Running the following analyses:
[CDD-3.17,Coils-2.2.1,Gene3D-4.2.0,Hamap-2019_01,MobiDBLite-2.0,Pfam-32.0,PIRSF-3.02,PRINTS-42.0,ProSitePatterns-2019_01,ProSiteProfiles-2019_01,SFLD-4,SMART-7.1,SUPERFAMILY-1.75,TIGRFAM-15.0]
Available matches will be retrieved from the pre-calculated match lookup service.

Matches for any sequences that are not represented in the lookup service will be calculated locally.
02/02/2020 15:11:53:711 28% completed
02/02/2020 15:11:55:984 57% completed
02/02/2020 15:11:56:708 85% completed
02/02/2020 15:11:57:005 Match lookup info: 0% of the 9266 unique input sequences were found in the match lookup server. 
02/02/2020 15:44:22:011 90% completed
02/02/2020 15:54:33:637 100% done:  InterProScan analyses completed 

02/02/2020 15:54:34:943 Welcome to InterProScan-5.40-77.0
02/02/2020 15:54:34:944 Running InterProScan v5 in STANDALONE mode... on Linux
02/02/2020 15:54:49:987 Loading file /vortexfs1/scratch/dgellermcgrath/scripts/run-interproscan/../../january-final-gbks-as-AA-fa/MAG_291-final-gbk-AA.fa
02/02/2020 15:54:49:988 Running the following analyses:
[CDD-3.17,Coils-2.2.1,Gene3D-4.2.0,Hamap-2019_01,MobiDBLite-2.0,Pfam-32.0,PIRSF-3.02,PRINTS-42.0,ProSitePatterns-2019_01,ProSiteProfiles-2019_01,SFLD-4,SMART-7.1,SUPERFAMILY-1.75,TIGRFAM-15.0]
Available matches will be retrieved from the pre-calculated match lookup service.

Matches for any sequences that are not represented in the lookup service will be calculated locally.
02/02/2020 15:55:23:857 26% completed
02/02/2020 15:58:11:676 51% completed
02/02/2020 16:06:44:429 75% completed
02/02/2020 16:08:42:052 90% completed
02/02/2020 16:13:22:495 100% done:  InterProScan analyses completed 

02/02/2020 16:13:23:795 Welcome to InterProScan-5.40-77.0
02/02/2020 16:13:23:797 Running InterProScan v5 in STANDALONE mode... on Linux
02/02/2020 16:13:37:499 Loading file /vortexfs1/scratch/dgellermcgrath/scripts/run-interproscan/../../january-final-gbks-as-AA-fa/MAG_292-final-gbk-AA.fa
02/02/2020 16:13:37:501 Running the following analyses:
[CDD-3.17,Coils-2.2.1,Gene3D-4.2.0,Hamap-2019_01,MobiDBLite-2.0,Pfam-32.0,PIRSF-3.02,PRINTS-42.0,ProSitePatterns-2019_01,ProSiteProfiles-2019_01,SFLD-4,SMART-7.1,SUPERFAMILY-1.75,TIGRFAM-15.0]
Available matches will be retrieved from the pre-calculated match lookup service.

Matches for any sequences that are not represented in the lookup service will be calculated locally.
02/02/2020 16:13:45:724 Match lookup info: 0% of the 2608 unique input sequences were found in the match lookup server. 
ERROR: uk.ac.ebi.interpro.scan.management.model.implementations.RunBinaryStep - Command line failed with exit code: 17
Command: bin/prosite/ps_scan.pl -d data/prosite/2019_01/prosite.dat -w bin/prosite/pfsearch -s -m -o gff -y data/prosite/2019_01/prosite_models /vortexfs1/scratch/dgellermcgrath/scripts/run-interproscan/temp/pn061_20200202_161327739_gdyz//jobPrositeProfiles/000000000001_000000001000.fasta 
Error output from binary:
Unable to create /vortexfs1/scratch/dgellermcgrath/scripts/run-interproscan/temp/pn061_20200202_161327739_gdyz//jobPrositeProfiles//pn061 at bin/prosite/ps_scan.pl line 923.

ERROR: uk.ac.ebi.interpro.scan.jms.worker.LocalJobQueueListener - Execution thrown when attempting to executeInTransaction the StepExecution.  All database activity rolled back.
java.lang.IllegalStateException: Command line failed with exit code: 17
Command: bin/prosite/ps_scan.pl -d data/prosite/2019_01/prosite.dat -w bin/prosite/pfsearch -s -m -o gff -y data/prosite/2019_01/prosite_models /vortexfs1/scratch/dgellermcgrath/scripts/run-interproscan/temp/pn061_20200202_161327739_gdyz//jobPrositeProfiles/000000000001_000000001000.fasta 
Error output from binary:
Unable to create /vortexfs1/scratch/dgellermcgrath/scripts/run-interproscan/temp/pn061_20200202_161327739_gdyz//jobPrositeProfiles//pn061 at bin/prosite/ps_scan.pl line 923.

	at uk.ac.ebi.interpro.scan.management.model.implementations.RunBinaryStep.execute(RunBinaryStep.java:200)
	at uk.ac.ebi.interpro.scan.jms.activemq.StepExecutionTransactionImpl.executeInTransaction(StepExecutionTransactionImpl.java:86)
	at jdk.internal.reflect.GeneratedMethodAccessor97.invoke(Unknown Source)
	at java.base/jdk.internal.reflect.DelegatingMethodAccessorImpl.invoke(DelegatingMethodAccessorImpl.java:43)
	at java.base/java.lang.reflect.Method.invoke(Method.java:566)
	at org.springframework.aop.support.AopUtils.invokeJoinpointUsingReflection(AopUtils.java:343)
	at org.springframework.aop.framework.ReflectiveMethodInvocation.invokeJoinpoint(ReflectiveMethodInvocation.java:198)
	at org.springframework.aop.framework.ReflectiveMethodInvocation.proceed(ReflectiveMethodInvocation.java:163)
	at org.springframework.transaction.interceptor.TransactionAspectSupport.invokeWithinTransaction(TransactionAspectSupport.java:294)
	at org.springframework.transaction.interceptor.TransactionInterceptor.invoke(TransactionInterceptor.java:98)
	at org.springframework.aop.framework.ReflectiveMethodInvocation.proceed(ReflectiveMethodInvocation.java:186)
	at org.springframework.aop.framework.JdkDynamicAopProxy.invoke(JdkDynamicAopProxy.java:212)
	at com.sun.proxy.$Proxy142.executeInTransaction(Unknown Source)
	at uk.ac.ebi.interpro.scan.jms.worker.LocalJobQueueListener.onMessage(LocalJobQueueListener.java:193)
	at org.springframework.jms.listener.AbstractMessageListenerContainer.doInvokeListener(AbstractMessageListenerContainer.java:761)
	at org.springframework.jms.listener.AbstractMessageListenerContainer.invokeListener(AbstractMessageListenerContainer.java:699)
	at org.springframework.jms.listener.AbstractMessageListenerContainer.doExecuteListener(AbstractMessageListenerContainer.java:674)
	at org.springframework.jms.listener.AbstractPollingMessageListenerContainer.doReceiveAndExecute(AbstractPollingMessageListenerContainer.java:318)
	at org.springframework.jms.listener.AbstractPollingMessageListenerContainer.receiveAndExecute(AbstractPollingMessageListenerContainer.java:257)
	at org.springframework.jms.listener.DefaultMessageListenerContainer$AsyncMessageListenerInvoker.invokeListener(DefaultMessageListenerContainer.java:1189)
	at org.springframework.jms.listener.DefaultMessageListenerContainer$AsyncMessageListenerInvoker.executeOngoingLoop(DefaultMessageListenerContainer.java:1179)
	at org.springframework.jms.listener.DefaultMessageListenerContainer$AsyncMessageListenerInvoker.run(DefaultMessageListenerContainer.java:1076)
	at java.base/java.lang.Thread.run(Thread.java:834)
ERROR: uk.ac.ebi.interpro.scan.jms.worker.LocalJobQueueListener - The exception is :
java.lang.IllegalStateException: Command line failed with exit code: 17
Command: bin/prosite/ps_scan.pl -d data/prosite/2019_01/prosite.dat -w bin/prosite/pfsearch -s -m -o gff -y data/prosite/2019_01/prosite_models /vortexfs1/scratch/dgellermcgrath/scripts/run-interproscan/temp/pn061_20200202_161327739_gdyz//jobPrositeProfiles/000000000001_000000001000.fasta 
Error output from binary:
Unable to create /vortexfs1/scratch/dgellermcgrath/scripts/run-interproscan/temp/pn061_20200202_161327739_gdyz//jobPrositeProfiles//pn061 at bin/prosite/ps_scan.pl line 923.

	at uk.ac.ebi.interpro.scan.management.model.implementations.RunBinaryStep.execute(RunBinaryStep.java:200)
	at uk.ac.ebi.interpro.scan.jms.activemq.StepExecutionTransactionImpl.executeInTransaction(StepExecutionTransactionImpl.java:86)
	at jdk.internal.reflect.GeneratedMethodAccessor97.invoke(Unknown Source)
	at java.base/jdk.internal.reflect.DelegatingMethodAccessorImpl.invoke(DelegatingMethodAccessorImpl.java:43)
	at java.base/java.lang.reflect.Method.invoke(Method.java:566)
	at org.springframework.aop.support.AopUtils.invokeJoinpointUsingReflection(AopUtils.java:343)
	at org.springframework.aop.framework.ReflectiveMethodInvocation.invokeJoinpoint(ReflectiveMethodInvocation.java:198)
	at org.springframework.aop.framework.ReflectiveMethodInvocation.proceed(ReflectiveMethodInvocation.java:163)
	at org.springframework.transaction.interceptor.TransactionAspectSupport.invokeWithinTransaction(TransactionAspectSupport.java:294)
	at org.springframework.transaction.interceptor.TransactionInterceptor.invoke(TransactionInterceptor.java:98)
	at org.springframework.aop.framework.ReflectiveMethodInvocation.proceed(ReflectiveMethodInvocation.java:186)
	at org.springframework.aop.framework.JdkDynamicAopProxy.invoke(JdkDynamicAopProxy.java:212)
	at com.sun.proxy.$Proxy142.executeInTransaction(Unknown Source)
	at uk.ac.ebi.interpro.scan.jms.worker.LocalJobQueueListener.onMessage(LocalJobQueueListener.java:193)
	at org.springframework.jms.listener.AbstractMessageListenerContainer.doInvokeListener(AbstractMessageListenerContainer.java:761)
	at org.springframework.jms.listener.AbstractMessageListenerContainer.invokeListener(AbstractMessageListenerContainer.java:699)
	at org.springframework.jms.listener.AbstractMessageListenerContainer.doExecuteListener(AbstractMessageListenerContainer.java:674)
	at org.springframework.jms.listener.AbstractPollingMessageListenerContainer.doReceiveAndExecute(AbstractPollingMessageListenerContainer.java:318)
	at org.springframework.jms.listener.AbstractPollingMessageListenerContainer.receiveAndExecute(AbstractPollingMessageListenerContainer.java:257)
	at org.springframework.jms.listener.DefaultMessageListenerContainer$AsyncMessageListenerInvoker.invokeListener(DefaultMessageListenerContainer.java:1189)
	at org.springframework.jms.listener.DefaultMessageListenerContainer$AsyncMessageListenerInvoker.executeOngoingLoop(DefaultMessageListenerContainer.java:1179)
	at org.springframework.jms.listener.DefaultMessageListenerContainer$AsyncMessageListenerInvoker.run(DefaultMessageListenerContainer.java:1076)
	at java.base/java.lang.Thread.run(Thread.java:834)
ERROR: uk.ac.ebi.interpro.scan.jms.worker.LocalJobQueueListener - 2. The exception is :java.lang.IllegalStateException: Command line failed with exit code: 17
Command: bin/prosite/ps_scan.pl -d data/prosite/2019_01/prosite.dat -w bin/prosite/pfsearch -s -m -o gff -y data/prosite/2019_01/prosite_models /vortexfs1/scratch/dgellermcgrath/scripts/run-interproscan/temp/pn061_20200202_161327739_gdyz//jobPrositeProfiles/000000000001_000000001000.fasta 
Error output from binary:
Unable to create /vortexfs1/scratch/dgellermcgrath/scripts/run-interproscan/temp/pn061_20200202_161327739_gdyz//jobPrositeProfiles//pn061 at bin/prosite/ps_scan.pl line 923.

ERROR: uk.ac.ebi.interpro.scan.jms.worker.LocalJobQueueListener - StepExecution with errors - stepName: stepPrositeProfilesRunBinary
WARN : uk.ac.ebi.interpro.scan.jms.master.StandaloneBlackBoxMaster - StepInstance 29 is being re-run following a failure.
02/02/2020 16:16:06:731 25% completed
02/02/2020 16:19:39:837 50% completed
02/02/2020 16:28:51:576 75% completed
02/02/2020 16:35:48:576 90% completed
02/02/2020 16:36:23:589 100% done:  InterProScan analyses completed 

02/02/2020 16:36:24:887 Welcome to InterProScan-5.40-77.0
02/02/2020 16:36:24:888 Running InterProScan v5 in STANDALONE mode... on Linux
02/02/2020 16:36:39:082 Loading file /vortexfs1/scratch/dgellermcgrath/scripts/run-interproscan/../../january-final-gbks-as-AA-fa/MAG_293-final-gbk-AA.fa
02/02/2020 16:36:39:084 Running the following analyses:
[CDD-3.17,Coils-2.2.1,Gene3D-4.2.0,Hamap-2019_01,MobiDBLite-2.0,Pfam-32.0,PIRSF-3.02,PRINTS-42.0,ProSitePatterns-2019_01,ProSiteProfiles-2019_01,SFLD-4,SMART-7.1,SUPERFAMILY-1.75,TIGRFAM-15.0]
Available matches will be retrieved from the pre-calculated match lookup service.

Matches for any sequences that are not represented in the lookup service will be calculated locally.
02/02/2020 16:37:00:067 Match lookup info: 3% of the 2605 unique input sequences were found in the match lookup server. 
02/02/2020 16:39:10:179 25% completed
02/02/2020 16:42:37:269 50% completed
02/02/2020 16:50:40:042 75% completed
02/02/2020 16:56:34:876 90% completed
02/02/2020 16:56:48:809 100% done:  InterProScan analyses completed 

02/02/2020 16:56:50:092 Welcome to InterProScan-5.40-77.0
02/02/2020 16:56:50:094 Running InterProScan v5 in STANDALONE mode... on Linux
02/02/2020 16:57:03:915 Loading file /vortexfs1/scratch/dgellermcgrath/scripts/run-interproscan/../../january-final-gbks-as-AA-fa/MAG_2-final-gbk-AA.fa
02/02/2020 16:57:03:917 Running the following analyses:
[CDD-3.17,Coils-2.2.1,Gene3D-4.2.0,Hamap-2019_01,MobiDBLite-2.0,Pfam-32.0,PIRSF-3.02,PRINTS-42.0,ProSitePatterns-2019_01,ProSiteProfiles-2019_01,SFLD-4,SMART-7.1,SUPERFAMILY-1.75,TIGRFAM-15.0]
Available matches will be retrieved from the pre-calculated match lookup service.

Matches for any sequences that are not represented in the lookup service will be calculated locally.
02/02/2020 16:57:28:318 Match lookup info: 4% of the 2293 unique input sequences were found in the match lookup server. 
02/02/2020 16:59:18:435 25% completed
02/02/2020 17:02:31:460 50% completed
02/02/2020 17:12:01:517 75% completed
02/02/2020 17:17:48:490 90% completed
02/02/2020 17:18:18:282 100% done:  InterProScan analyses completed 

02/02/2020 17:18:19:553 Welcome to InterProScan-5.40-77.0
02/02/2020 17:18:19:555 Running InterProScan v5 in STANDALONE mode... on Linux
02/02/2020 17:18:35:109 Loading file /vortexfs1/scratch/dgellermcgrath/scripts/run-interproscan/../../january-final-gbks-as-AA-fa/MAG_301-final-gbk-AA.fa
02/02/2020 17:18:35:111 Running the following analyses:
[CDD-3.17,Coils-2.2.1,Gene3D-4.2.0,Hamap-2019_01,MobiDBLite-2.0,Pfam-32.0,PIRSF-3.02,PRINTS-42.0,ProSitePatterns-2019_01,ProSiteProfiles-2019_01,SFLD-4,SMART-7.1,SUPERFAMILY-1.75,TIGRFAM-15.0]
Available matches will be retrieved from the pre-calculated match lookup service.

Matches for any sequences that are not represented in the lookup service will be calculated locally.
02/02/2020 17:19:12:710 26% completed
02/02/2020 17:21:55:313 50% completed
02/02/2020 17:29:30:821 75% completed
02/02/2020 17:31:28:550 90% completed
02/02/2020 17:36:12:860 100% done:  InterProScan analyses completed 

02/02/2020 17:36:14:164 Welcome to InterProScan-5.40-77.0
02/02/2020 17:36:14:166 Running InterProScan v5 in STANDALONE mode... on Linux
02/02/2020 17:36:28:596 Loading file /vortexfs1/scratch/dgellermcgrath/scripts/run-interproscan/../../january-final-gbks-as-AA-fa/MAG_302-final-gbk-AA.fa
02/02/2020 17:36:28:599 Running the following analyses:
[CDD-3.17,Coils-2.2.1,Gene3D-4.2.0,Hamap-2019_01,MobiDBLite-2.0,Pfam-32.0,PIRSF-3.02,PRINTS-42.0,ProSitePatterns-2019_01,ProSiteProfiles-2019_01,SFLD-4,SMART-7.1,SUPERFAMILY-1.75,TIGRFAM-15.0]
Available matches will be retrieved from the pre-calculated match lookup service.

Matches for any sequences that are not represented in the lookup service will be calculated locally.
02/02/2020 17:37:02:032 26% completed
02/02/2020 17:39:44:730 50% completed
02/02/2020 17:46:50:257 75% completed
02/02/2020 17:48:58:705 90% completed
02/02/2020 17:53:00:015 100% done:  InterProScan analyses completed 

02/02/2020 17:53:01:312 Welcome to InterProScan-5.40-77.0
02/02/2020 17:53:01:313 Running InterProScan v5 in STANDALONE mode... on Linux
02/02/2020 17:53:15:282 Loading file /vortexfs1/scratch/dgellermcgrath/scripts/run-interproscan/../../january-final-gbks-as-AA-fa/MAG_304-final-gbk-AA.fa
02/02/2020 17:53:15:285 Running the following analyses:
[CDD-3.17,Coils-2.2.1,Gene3D-4.2.0,Hamap-2019_01,MobiDBLite-2.0,Pfam-32.0,PIRSF-3.02,PRINTS-42.0,ProSitePatterns-2019_01,ProSiteProfiles-2019_01,SFLD-4,SMART-7.1,SUPERFAMILY-1.75,TIGRFAM-15.0]
Available matches will be retrieved from the pre-calculated match lookup service.

Matches for any sequences that are not represented in the lookup service will be calculated locally.
02/02/2020 17:53:22:759 Match lookup info: 0% of the 2283 unique input sequences were found in the match lookup server. 
02/02/2020 17:54:48:203 25% completed
02/02/2020 17:58:17:857 50% completed
02/02/2020 18:06:06:149 75% completed
02/02/2020 18:09:59:393 90% completed
02/02/2020 18:10:24:879 100% done:  InterProScan analyses completed 

02/02/2020 18:10:26:166 Welcome to InterProScan-5.40-77.0
02/02/2020 18:10:26:167 Running InterProScan v5 in STANDALONE mode... on Linux
02/02/2020 18:10:40:628 Loading file /vortexfs1/scratch/dgellermcgrath/scripts/run-interproscan/../../january-final-gbks-as-AA-fa/MAG_30-final-gbk-AA.fa
02/02/2020 18:10:40:630 Running the following analyses:
[CDD-3.17,Coils-2.2.1,Gene3D-4.2.0,Hamap-2019_01,MobiDBLite-2.0,Pfam-32.0,PIRSF-3.02,PRINTS-42.0,ProSitePatterns-2019_01,ProSiteProfiles-2019_01,SFLD-4,SMART-7.1,SUPERFAMILY-1.75,TIGRFAM-15.0]
Available matches will be retrieved from the pre-calculated match lookup service.

Matches for any sequences that are not represented in the lookup service will be calculated locally.
02/02/2020 18:10:58:606 25% completed
02/02/2020 18:12:39:425 50% completed
02/02/2020 18:16:54:716 75% completed
02/02/2020 18:27:08:116 90% completed
02/02/2020 18:27:22:839 100% done:  InterProScan analyses completed 

02/02/2020 18:27:24:103 Welcome to InterProScan-5.40-77.0
02/02/2020 18:27:24:104 Running InterProScan v5 in STANDALONE mode... on Linux
02/02/2020 18:27:37:922 Loading file /vortexfs1/scratch/dgellermcgrath/scripts/run-interproscan/../../january-final-gbks-as-AA-fa/MAG_310-final-gbk-AA.fa
02/02/2020 18:27:37:924 Running the following analyses:
[CDD-3.17,Coils-2.2.1,Gene3D-4.2.0,Hamap-2019_01,MobiDBLite-2.0,Pfam-32.0,PIRSF-3.02,PRINTS-42.0,ProSitePatterns-2019_01,ProSiteProfiles-2019_01,SFLD-4,SMART-7.1,SUPERFAMILY-1.75,TIGRFAM-15.0]
Available matches will be retrieved from the pre-calculated match lookup service.

Matches for any sequences that are not represented in the lookup service will be calculated locally.
02/02/2020 18:28:09:381 26% completed
02/02/2020 18:31:12:682 50% completed
02/02/2020 18:41:28:013 75% completed
02/02/2020 18:48:11:493 90% completed
02/02/2020 18:48:32:623 100% done:  InterProScan analyses completed 

02/02/2020 18:48:33:924 Welcome to InterProScan-5.40-77.0
02/02/2020 18:48:33:925 Running InterProScan v5 in STANDALONE mode... on Linux
02/02/2020 18:48:48:603 Loading file /vortexfs1/scratch/dgellermcgrath/scripts/run-interproscan/../../january-final-gbks-as-AA-fa/MAG_313-final-gbk-AA.fa
02/02/2020 18:48:48:605 Running the following analyses:
[CDD-3.17,Coils-2.2.1,Gene3D-4.2.0,Hamap-2019_01,MobiDBLite-2.0,Pfam-32.0,PIRSF-3.02,PRINTS-42.0,ProSitePatterns-2019_01,ProSiteProfiles-2019_01,SFLD-4,SMART-7.1,SUPERFAMILY-1.75,TIGRFAM-15.0]
Available matches will be retrieved from the pre-calculated match lookup service.

Matches for any sequences that are not represented in the lookup service will be calculated locally.
02/02/2020 18:48:52:235 28% completed
02/02/2020 18:48:57:923 71% completed
02/02/2020 18:48:58:030 85% completed
02/02/2020 18:48:58:171 Match lookup info: 0% of the 4232 unique input sequences were found in the match lookup server. 
02/02/2020 19:08:54:046 90% completed
02/02/2020 19:23:45:015 100% done:  InterProScan analyses completed 

02/02/2020 19:23:46:298 Welcome to InterProScan-5.40-77.0
02/02/2020 19:23:46:299 Running InterProScan v5 in STANDALONE mode... on Linux
02/02/2020 19:24:00:585 Loading file /vortexfs1/scratch/dgellermcgrath/scripts/run-interproscan/../../january-final-gbks-as-AA-fa/MAG_314-final-gbk-AA.fa
02/02/2020 19:24:00:589 Running the following analyses:
[CDD-3.17,Coils-2.2.1,Gene3D-4.2.0,Hamap-2019_01,MobiDBLite-2.0,Pfam-32.0,PIRSF-3.02,PRINTS-42.0,ProSitePatterns-2019_01,ProSiteProfiles-2019_01,SFLD-4,SMART-7.1,SUPERFAMILY-1.75,TIGRFAM-15.0]
Available matches will be retrieved from the pre-calculated match lookup service.

Matches for any sequences that are not represented in the lookup service will be calculated locally.
02/02/2020 19:24:07:539 Match lookup info: 0% of the 2437 unique input sequences were found in the match lookup server. 
02/02/2020 19:26:04:536 25% completed
02/02/2020 19:32:24:035 50% completed
02/02/2020 19:37:25:117 75% completed
02/02/2020 19:41:41:211 90% completed
02/02/2020 19:42:25:734 100% done:  InterProScan analyses completed 

02/02/2020 19:42:27:029 Welcome to InterProScan-5.40-77.0
02/02/2020 19:42:27:030 Running InterProScan v5 in STANDALONE mode... on Linux
02/02/2020 19:42:40:965 Loading file /vortexfs1/scratch/dgellermcgrath/scripts/run-interproscan/../../january-final-gbks-as-AA-fa/MAG_315-final-gbk-AA.fa
02/02/2020 19:42:40:966 Running the following analyses:
[CDD-3.17,Coils-2.2.1,Gene3D-4.2.0,Hamap-2019_01,MobiDBLite-2.0,Pfam-32.0,PIRSF-3.02,PRINTS-42.0,ProSitePatterns-2019_01,ProSiteProfiles-2019_01,SFLD-4,SMART-7.1,SUPERFAMILY-1.75,TIGRFAM-15.0]
Available matches will be retrieved from the pre-calculated match lookup service.

Matches for any sequences that are not represented in the lookup service will be calculated locally.
02/02/2020 19:43:16:685 25% completed
02/02/2020 19:54:30:686 50% completed
02/02/2020 19:56:19:912 75% completed
02/02/2020 20:00:21:065 90% completed
02/02/2020 20:02:03:101 100% done:  InterProScan analyses completed 

02/02/2020 20:02:04:365 Welcome to InterProScan-5.40-77.0
02/02/2020 20:02:04:366 Running InterProScan v5 in STANDALONE mode... on Linux
02/02/2020 20:02:18:204 Loading file /vortexfs1/scratch/dgellermcgrath/scripts/run-interproscan/../../january-final-gbks-as-AA-fa/MAG_316-final-gbk-AA.fa
02/02/2020 20:02:18:206 Running the following analyses:
[CDD-3.17,Coils-2.2.1,Gene3D-4.2.0,Hamap-2019_01,MobiDBLite-2.0,Pfam-32.0,PIRSF-3.02,PRINTS-42.0,ProSitePatterns-2019_01,ProSiteProfiles-2019_01,SFLD-4,SMART-7.1,SUPERFAMILY-1.75,TIGRFAM-15.0]
Available matches will be retrieved from the pre-calculated match lookup service.

Matches for any sequences that are not represented in the lookup service will be calculated locally.
02/02/2020 20:02:50:151 25% completed
02/02/2020 20:06:51:503 50% completed
02/02/2020 20:15:07:750 75% completed
02/02/2020 20:17:13:360 90% completed
02/02/2020 20:19:14:232 100% done:  InterProScan analyses completed 

02/02/2020 20:19:15:540 Welcome to InterProScan-5.40-77.0
02/02/2020 20:19:15:541 Running InterProScan v5 in STANDALONE mode... on Linux
02/02/2020 20:19:29:908 Loading file /vortexfs1/scratch/dgellermcgrath/scripts/run-interproscan/../../january-final-gbks-as-AA-fa/MAG_317-final-gbk-AA.fa
02/02/2020 20:19:29:910 Running the following analyses:
[CDD-3.17,Coils-2.2.1,Gene3D-4.2.0,Hamap-2019_01,MobiDBLite-2.0,Pfam-32.0,PIRSF-3.02,PRINTS-42.0,ProSitePatterns-2019_01,ProSiteProfiles-2019_01,SFLD-4,SMART-7.1,SUPERFAMILY-1.75,TIGRFAM-15.0]
Available matches will be retrieved from the pre-calculated match lookup service.

Matches for any sequences that are not represented in the lookup service will be calculated locally.
02/02/2020 20:20:09:490 25% completed
02/02/2020 20:23:48:429 51% completed
02/02/2020 20:33:06:261 75% completed
02/02/2020 20:36:33:335 90% completed
02/02/2020 20:38:52:667 100% done:  InterProScan analyses completed 

02/02/2020 20:38:53:932 Welcome to InterProScan-5.40-77.0
02/02/2020 20:38:53:933 Running InterProScan v5 in STANDALONE mode... on Linux
02/02/2020 20:39:08:076 Loading file /vortexfs1/scratch/dgellermcgrath/scripts/run-interproscan/../../january-final-gbks-as-AA-fa/MAG_31-final-gbk-AA.fa
02/02/2020 20:39:08:078 Running the following analyses:
[CDD-3.17,Coils-2.2.1,Gene3D-4.2.0,Hamap-2019_01,MobiDBLite-2.0,Pfam-32.0,PIRSF-3.02,PRINTS-42.0,ProSitePatterns-2019_01,ProSiteProfiles-2019_01,SFLD-4,SMART-7.1,SUPERFAMILY-1.75,TIGRFAM-15.0]
Available matches will be retrieved from the pre-calculated match lookup service.

Matches for any sequences that are not represented in the lookup service will be calculated locally.
02/02/2020 20:39:38:417 25% completed
02/02/2020 20:41:57:272 51% completed
02/02/2020 20:50:56:926 75% completed
02/02/2020 20:51:15:377 90% completed
02/02/2020 20:55:08:427 100% done:  InterProScan analyses completed 

02/02/2020 20:55:09:711 Welcome to InterProScan-5.40-77.0
02/02/2020 20:55:09:712 Running InterProScan v5 in STANDALONE mode... on Linux
02/02/2020 20:55:24:423 Loading file /vortexfs1/scratch/dgellermcgrath/scripts/run-interproscan/../../january-final-gbks-as-AA-fa/MAG_329-final-gbk-AA.fa
02/02/2020 20:55:24:425 Running the following analyses:
[CDD-3.17,Coils-2.2.1,Gene3D-4.2.0,Hamap-2019_01,MobiDBLite-2.0,Pfam-32.0,PIRSF-3.02,PRINTS-42.0,ProSitePatterns-2019_01,ProSiteProfiles-2019_01,SFLD-4,SMART-7.1,SUPERFAMILY-1.75,TIGRFAM-15.0]
Available matches will be retrieved from the pre-calculated match lookup service.

Matches for any sequences that are not represented in the lookup service will be calculated locally.
02/02/2020 20:55:52:987 26% completed
02/02/2020 20:58:12:806 51% completed
02/02/2020 21:02:38:861 75% completed
02/02/2020 21:08:36:474 90% completed
02/02/2020 21:13:58:284 100% done:  InterProScan analyses completed 

02/02/2020 21:13:59:547 Welcome to InterProScan-5.40-77.0
02/02/2020 21:13:59:548 Running InterProScan v5 in STANDALONE mode... on Linux
02/02/2020 21:14:14:097 Loading file /vortexfs1/scratch/dgellermcgrath/scripts/run-interproscan/../../january-final-gbks-as-AA-fa/MAG_32-final-gbk-AA.fa
02/02/2020 21:14:14:099 Running the following analyses:
[CDD-3.17,Coils-2.2.1,Gene3D-4.2.0,Hamap-2019_01,MobiDBLite-2.0,Pfam-32.0,PIRSF-3.02,PRINTS-42.0,ProSitePatterns-2019_01,ProSiteProfiles-2019_01,SFLD-4,SMART-7.1,SUPERFAMILY-1.75,TIGRFAM-15.0]
Available matches will be retrieved from the pre-calculated match lookup service.

Matches for any sequences that are not represented in the lookup service will be calculated locally.
02/02/2020 21:14:48:402 26% completed
02/02/2020 21:17:42:537 50% completed
02/02/2020 21:25:35:488 75% completed
02/02/2020 21:27:29:941 90% completed
02/02/2020 21:31:40:018 100% done:  InterProScan analyses completed 

02/02/2020 21:31:41:291 Welcome to InterProScan-5.40-77.0
02/02/2020 21:31:41:292 Running InterProScan v5 in STANDALONE mode... on Linux
02/02/2020 21:31:54:953 Loading file /vortexfs1/scratch/dgellermcgrath/scripts/run-interproscan/../../january-final-gbks-as-AA-fa/MAG_330-final-gbk-AA.fa
02/02/2020 21:31:54:955 Running the following analyses:
[CDD-3.17,Coils-2.2.1,Gene3D-4.2.0,Hamap-2019_01,MobiDBLite-2.0,Pfam-32.0,PIRSF-3.02,PRINTS-42.0,ProSitePatterns-2019_01,ProSiteProfiles-2019_01,SFLD-4,SMART-7.1,SUPERFAMILY-1.75,TIGRFAM-15.0]
Available matches will be retrieved from the pre-calculated match lookup service.

Matches for any sequences that are not represented in the lookup service will be calculated locally.
02/02/2020 21:32:01:085 Match lookup info: 0% of the 2133 unique input sequences were found in the match lookup server. 
02/02/2020 21:32:57:669 25% completed
02/02/2020 21:35:39:952 50% completed
02/02/2020 21:44:34:893 75% completed
02/02/2020 21:48:57:914 91% completed
02/02/2020 21:49:14:013 100% done:  InterProScan analyses completed 

02/02/2020 21:49:15:300 Welcome to InterProScan-5.40-77.0
02/02/2020 21:49:15:301 Running InterProScan v5 in STANDALONE mode... on Linux
02/02/2020 21:49:29:082 Loading file /vortexfs1/scratch/dgellermcgrath/scripts/run-interproscan/../../january-final-gbks-as-AA-fa/MAG_331-final-gbk-AA.fa
02/02/2020 21:49:29:084 Running the following analyses:
[CDD-3.17,Coils-2.2.1,Gene3D-4.2.0,Hamap-2019_01,MobiDBLite-2.0,Pfam-32.0,PIRSF-3.02,PRINTS-42.0,ProSitePatterns-2019_01,ProSiteProfiles-2019_01,SFLD-4,SMART-7.1,SUPERFAMILY-1.75,TIGRFAM-15.0]
Available matches will be retrieved from the pre-calculated match lookup service.

Matches for any sequences that are not represented in the lookup service will be calculated locally.
02/02/2020 21:50:00:025 25% completed
02/02/2020 21:52:25:951 50% completed
02/02/2020 21:57:04:888 75% completed
02/02/2020 22:02:23:031 90% completed
02/02/2020 22:07:13:270 100% done:  InterProScan analyses completed 

02/02/2020 22:07:14:542 Welcome to InterProScan-5.40-77.0
02/02/2020 22:07:14:543 Running InterProScan v5 in STANDALONE mode... on Linux
02/02/2020 22:07:28:726 Loading file /vortexfs1/scratch/dgellermcgrath/scripts/run-interproscan/../../january-final-gbks-as-AA-fa/MAG_334-final-gbk-AA.fa
02/02/2020 22:07:28:727 Running the following analyses:
[CDD-3.17,Coils-2.2.1,Gene3D-4.2.0,Hamap-2019_01,MobiDBLite-2.0,Pfam-32.0,PIRSF-3.02,PRINTS-42.0,ProSitePatterns-2019_01,ProSiteProfiles-2019_01,SFLD-4,SMART-7.1,SUPERFAMILY-1.75,TIGRFAM-15.0]
Available matches will be retrieved from the pre-calculated match lookup service.

Matches for any sequences that are not represented in the lookup service will be calculated locally.
02/02/2020 22:08:07:245 25% completed
02/02/2020 22:12:18:144 50% completed
02/02/2020 22:21:09:397 75% completed
02/02/2020 22:26:27:694 90% completed
02/02/2020 22:26:48:898 100% done:  InterProScan analyses completed 

02/02/2020 22:26:50:187 Welcome to InterProScan-5.40-77.0
02/02/2020 22:26:50:188 Running InterProScan v5 in STANDALONE mode... on Linux
02/02/2020 22:27:03:860 Loading file /vortexfs1/scratch/dgellermcgrath/scripts/run-interproscan/../../january-final-gbks-as-AA-fa/MAG_335-final-gbk-AA.fa
02/02/2020 22:27:03:862 Running the following analyses:
[CDD-3.17,Coils-2.2.1,Gene3D-4.2.0,Hamap-2019_01,MobiDBLite-2.0,Pfam-32.0,PIRSF-3.02,PRINTS-42.0,ProSitePatterns-2019_01,ProSiteProfiles-2019_01,SFLD-4,SMART-7.1,SUPERFAMILY-1.75,TIGRFAM-15.0]
Available matches will be retrieved from the pre-calculated match lookup service.

Matches for any sequences that are not represented in the lookup service will be calculated locally.
02/02/2020 22:27:11:868 37% completed
02/02/2020 22:27:12:597 62% completed
02/02/2020 22:27:14:560 87% completed
02/02/2020 22:27:14:747 Match lookup info: 0% of the 5401 unique input sequences were found in the match lookup server. 
02/02/2020 22:48:32:733 90% completed
02/02/2020 22:56:22:762 100% done:  InterProScan analyses completed 

02/02/2020 22:56:24:057 Welcome to InterProScan-5.40-77.0
02/02/2020 22:56:24:058 Running InterProScan v5 in STANDALONE mode... on Linux
02/02/2020 22:56:38:654 Loading file /vortexfs1/scratch/dgellermcgrath/scripts/run-interproscan/../../january-final-gbks-as-AA-fa/MAG_336-final-gbk-AA.fa
02/02/2020 22:56:38:656 Running the following analyses:
[CDD-3.17,Coils-2.2.1,Gene3D-4.2.0,Hamap-2019_01,MobiDBLite-2.0,Pfam-32.0,PIRSF-3.02,PRINTS-42.0,ProSitePatterns-2019_01,ProSiteProfiles-2019_01,SFLD-4,SMART-7.1,SUPERFAMILY-1.75,TIGRFAM-15.0]
Available matches will be retrieved from the pre-calculated match lookup service.

Matches for any sequences that are not represented in the lookup service will be calculated locally.
02/02/2020 22:56:43:421 33% completed
02/02/2020 22:56:45:511 83% completed
02/02/2020 22:56:45:636 Match lookup info: 0% of the 3580 unique input sequences were found in the match lookup server. 
02/02/2020 23:17:28:272 90% completed
02/02/2020 23:17:56:486 100% done:  InterProScan analyses completed 

02/02/2020 23:17:57:780 Welcome to InterProScan-5.40-77.0
02/02/2020 23:17:57:782 Running InterProScan v5 in STANDALONE mode... on Linux
02/02/2020 23:18:11:838 Loading file /vortexfs1/scratch/dgellermcgrath/scripts/run-interproscan/../../january-final-gbks-as-AA-fa/MAG_341-final-gbk-AA.fa
02/02/2020 23:18:11:841 Running the following analyses:
[CDD-3.17,Coils-2.2.1,Gene3D-4.2.0,Hamap-2019_01,MobiDBLite-2.0,Pfam-32.0,PIRSF-3.02,PRINTS-42.0,ProSitePatterns-2019_01,ProSiteProfiles-2019_01,SFLD-4,SMART-7.1,SUPERFAMILY-1.75,TIGRFAM-15.0]
Available matches will be retrieved from the pre-calculated match lookup service.

Matches for any sequences that are not represented in the lookup service will be calculated locally.
02/02/2020 23:18:46:932 25% completed
02/02/2020 23:21:32:058 51% completed
02/02/2020 23:31:37:390 75% completed
02/02/2020 23:31:54:642 90% completed
02/02/2020 23:37:35:520 100% done:  InterProScan analyses completed 

02/02/2020 23:37:36:801 Welcome to InterProScan-5.40-77.0
02/02/2020 23:37:36:802 Running InterProScan v5 in STANDALONE mode... on Linux
02/02/2020 23:37:51:233 Loading file /vortexfs1/scratch/dgellermcgrath/scripts/run-interproscan/../../january-final-gbks-as-AA-fa/MAG_343-final-gbk-AA.fa
02/02/2020 23:37:51:234 Running the following analyses:
[CDD-3.17,Coils-2.2.1,Gene3D-4.2.0,Hamap-2019_01,MobiDBLite-2.0,Pfam-32.0,PIRSF-3.02,PRINTS-42.0,ProSitePatterns-2019_01,ProSiteProfiles-2019_01,SFLD-4,SMART-7.1,SUPERFAMILY-1.75,TIGRFAM-15.0]
Available matches will be retrieved from the pre-calculated match lookup service.

Matches for any sequences that are not represented in the lookup service will be calculated locally.
02/02/2020 23:37:56:438 28% completed
02/02/2020 23:37:57:790 57% completed
02/02/2020 23:37:59:121 85% completed
02/02/2020 23:37:59:274 Match lookup info: 0% of the 4637 unique input sequences were found in the match lookup server. 
02/02/2020 23:59:34:530 90% completed
03/02/2020 00:01:30:125 100% done:  InterProScan analyses completed 

03/02/2020 00:01:31:378 Welcome to InterProScan-5.40-77.0
03/02/2020 00:01:31:379 Running InterProScan v5 in STANDALONE mode... on Linux
03/02/2020 00:01:45:361 Loading file /vortexfs1/scratch/dgellermcgrath/scripts/run-interproscan/../../january-final-gbks-as-AA-fa/MAG_347-final-gbk-AA.fa
03/02/2020 00:01:45:363 Running the following analyses:
[CDD-3.17,Coils-2.2.1,Gene3D-4.2.0,Hamap-2019_01,MobiDBLite-2.0,Pfam-32.0,PIRSF-3.02,PRINTS-42.0,ProSitePatterns-2019_01,ProSiteProfiles-2019_01,SFLD-4,SMART-7.1,SUPERFAMILY-1.75,TIGRFAM-15.0]
Available matches will be retrieved from the pre-calculated match lookup service.

Matches for any sequences that are not represented in the lookup service will be calculated locally.
03/02/2020 00:01:52:549 37% completed
03/02/2020 00:01:55:276 62% completed
03/02/2020 00:01:56:415 87% completed
03/02/2020 00:01:56:617 Match lookup info: 0% of the 5213 unique input sequences were found in the match lookup server. 
03/02/2020 00:27:49:166 90% completed
03/02/2020 00:28:35:657 100% done:  InterProScan analyses completed 

03/02/2020 00:28:36:963 Welcome to InterProScan-5.40-77.0
03/02/2020 00:28:36:964 Running InterProScan v5 in STANDALONE mode... on Linux
03/02/2020 00:28:50:658 Loading file /vortexfs1/scratch/dgellermcgrath/scripts/run-interproscan/../../january-final-gbks-as-AA-fa/MAG_349-final-gbk-AA.fa
03/02/2020 00:28:50:660 Running the following analyses:
[CDD-3.17,Coils-2.2.1,Gene3D-4.2.0,Hamap-2019_01,MobiDBLite-2.0,Pfam-32.0,PIRSF-3.02,PRINTS-42.0,ProSitePatterns-2019_01,ProSiteProfiles-2019_01,SFLD-4,SMART-7.1,SUPERFAMILY-1.75,TIGRFAM-15.0]
Available matches will be retrieved from the pre-calculated match lookup service.

Matches for any sequences that are not represented in the lookup service will be calculated locally.
03/02/2020 00:28:53:362 33% completed
03/02/2020 00:28:58:139 66% completed
03/02/2020 00:28:58:349 83% completed
03/02/2020 00:28:58:500 Match lookup info: 0% of the 3171 unique input sequences were found in the match lookup server. 
03/02/2020 00:52:10:923 90% completed
03/02/2020 00:52:39:072 100% done:  InterProScan analyses completed 

03/02/2020 00:52:40:352 Welcome to InterProScan-5.40-77.0
03/02/2020 00:52:40:353 Running InterProScan v5 in STANDALONE mode... on Linux
03/02/2020 00:52:54:578 Loading file /vortexfs1/scratch/dgellermcgrath/scripts/run-interproscan/../../january-final-gbks-as-AA-fa/MAG_34-final-gbk-AA.fa
03/02/2020 00:52:54:580 Running the following analyses:
[CDD-3.17,Coils-2.2.1,Gene3D-4.2.0,Hamap-2019_01,MobiDBLite-2.0,Pfam-32.0,PIRSF-3.02,PRINTS-42.0,ProSitePatterns-2019_01,ProSiteProfiles-2019_01,SFLD-4,SMART-7.1,SUPERFAMILY-1.75,TIGRFAM-15.0]
Available matches will be retrieved from the pre-calculated match lookup service.

Matches for any sequences that are not represented in the lookup service will be calculated locally.
03/02/2020 00:53:02:550 37% completed
03/02/2020 00:53:02:656 62% completed
03/02/2020 00:53:02:971 87% completed
03/02/2020 00:53:03:141 Match lookup info: 0% of the 5108 unique input sequences were found in the match lookup server. 
03/02/2020 01:31:18:140 90% completed
03/02/2020 01:48:29:351 100% done:  InterProScan analyses completed 

03/02/2020 01:48:30:629 Welcome to InterProScan-5.40-77.0
03/02/2020 01:48:30:630 Running InterProScan v5 in STANDALONE mode... on Linux
03/02/2020 01:48:44:597 Loading file /vortexfs1/scratch/dgellermcgrath/scripts/run-interproscan/../../january-final-gbks-as-AA-fa/MAG_352-final-gbk-AA.fa
03/02/2020 01:48:44:599 Running the following analyses:
[CDD-3.17,Coils-2.2.1,Gene3D-4.2.0,Hamap-2019_01,MobiDBLite-2.0,Pfam-32.0,PIRSF-3.02,PRINTS-42.0,ProSitePatterns-2019_01,ProSiteProfiles-2019_01,SFLD-4,SMART-7.1,SUPERFAMILY-1.75,TIGRFAM-15.0]
Available matches will be retrieved from the pre-calculated match lookup service.

Matches for any sequences that are not represented in the lookup service will be calculated locally.
03/02/2020 01:48:51:735 Match lookup info: 0% of the 2127 unique input sequences were found in the match lookup server. 
03/02/2020 01:49:59:742 25% completed
03/02/2020 01:52:36:310 50% completed
03/02/2020 02:02:35:820 75% completed
03/02/2020 02:07:52:140 90% completed
03/02/2020 02:09:05:813 100% done:  InterProScan analyses completed 

03/02/2020 02:09:07:078 Welcome to InterProScan-5.40-77.0
03/02/2020 02:09:07:079 Running InterProScan v5 in STANDALONE mode... on Linux
03/02/2020 02:09:21:178 Loading file /vortexfs1/scratch/dgellermcgrath/scripts/run-interproscan/../../january-final-gbks-as-AA-fa/MAG_358-final-gbk-AA.fa
03/02/2020 02:09:21:181 Running the following analyses:
[CDD-3.17,Coils-2.2.1,Gene3D-4.2.0,Hamap-2019_01,MobiDBLite-2.0,Pfam-32.0,PIRSF-3.02,PRINTS-42.0,ProSitePatterns-2019_01,ProSiteProfiles-2019_01,SFLD-4,SMART-7.1,SUPERFAMILY-1.75,TIGRFAM-15.0]
Available matches will be retrieved from the pre-calculated match lookup service.

Matches for any sequences that are not represented in the lookup service will be calculated locally.
03/02/2020 02:09:57:108 26% completed
03/02/2020 02:14:06:728 50% completed
03/02/2020 02:22:14:870 75% completed
03/02/2020 02:28:05:318 90% completed
03/02/2020 02:28:22:428 100% done:  InterProScan analyses completed 

03/02/2020 02:28:23:729 Welcome to InterProScan-5.40-77.0
03/02/2020 02:28:23:730 Running InterProScan v5 in STANDALONE mode... on Linux
03/02/2020 02:28:38:162 Loading file /vortexfs1/scratch/dgellermcgrath/scripts/run-interproscan/../../january-final-gbks-as-AA-fa/MAG_361-final-gbk-AA.fa
03/02/2020 02:28:38:165 Running the following analyses:
[CDD-3.17,Coils-2.2.1,Gene3D-4.2.0,Hamap-2019_01,MobiDBLite-2.0,Pfam-32.0,PIRSF-3.02,PRINTS-42.0,ProSitePatterns-2019_01,ProSiteProfiles-2019_01,SFLD-4,SMART-7.1,SUPERFAMILY-1.75,TIGRFAM-15.0]
Available matches will be retrieved from the pre-calculated match lookup service.

Matches for any sequences that are not represented in the lookup service will be calculated locally.
03/02/2020 02:28:40:156 33% completed
03/02/2020 02:28:44:531 83% completed
03/02/2020 02:28:44:680 Match lookup info: 0% of the 3100 unique input sequences were found in the match lookup server. 
03/02/2020 02:46:01:637 90% completed
03/02/2020 02:46:24:343 100% done:  InterProScan analyses completed 

03/02/2020 02:46:25:637 Welcome to InterProScan-5.40-77.0
03/02/2020 02:46:25:638 Running InterProScan v5 in STANDALONE mode... on Linux
03/02/2020 02:46:39:866 Loading file /vortexfs1/scratch/dgellermcgrath/scripts/run-interproscan/../../january-final-gbks-as-AA-fa/MAG_375-final-gbk-AA.fa
03/02/2020 02:46:39:867 Running the following analyses:
[CDD-3.17,Coils-2.2.1,Gene3D-4.2.0,Hamap-2019_01,MobiDBLite-2.0,Pfam-32.0,PIRSF-3.02,PRINTS-42.0,ProSitePatterns-2019_01,ProSiteProfiles-2019_01,SFLD-4,SMART-7.1,SUPERFAMILY-1.75,TIGRFAM-15.0]
Available matches will be retrieved from the pre-calculated match lookup service.

Matches for any sequences that are not represented in the lookup service will be calculated locally.
03/02/2020 02:46:46:232 Match lookup info: 0% of the 2549 unique input sequences were found in the match lookup server. 
03/02/2020 02:48:52:021 25% completed
03/02/2020 02:57:15:832 50% completed
03/02/2020 03:00:43:196 75% completed
03/02/2020 03:05:49:825 91% completed
03/02/2020 03:06:16:377 100% done:  InterProScan analyses completed 

03/02/2020 03:06:17:683 Welcome to InterProScan-5.40-77.0
03/02/2020 03:06:17:684 Running InterProScan v5 in STANDALONE mode... on Linux
03/02/2020 03:06:31:692 Loading file /vortexfs1/scratch/dgellermcgrath/scripts/run-interproscan/../../january-final-gbks-as-AA-fa/MAG_379-final-gbk-AA.fa
03/02/2020 03:06:31:694 Running the following analyses:
[CDD-3.17,Coils-2.2.1,Gene3D-4.2.0,Hamap-2019_01,MobiDBLite-2.0,Pfam-32.0,PIRSF-3.02,PRINTS-42.0,ProSitePatterns-2019_01,ProSiteProfiles-2019_01,SFLD-4,SMART-7.1,SUPERFAMILY-1.75,TIGRFAM-15.0]
Available matches will be retrieved from the pre-calculated match lookup service.

Matches for any sequences that are not represented in the lookup service will be calculated locally.
03/02/2020 03:07:13:029 25% completed
03/02/2020 03:10:36:820 51% completed
03/02/2020 03:19:45:448 75% completed
03/02/2020 03:22:01:456 90% completed
03/02/2020 03:26:16:626 100% done:  InterProScan analyses completed 

03/02/2020 03:26:17:926 Welcome to InterProScan-5.40-77.0
03/02/2020 03:26:17:927 Running InterProScan v5 in STANDALONE mode... on Linux
03/02/2020 03:26:32:415 Loading file /vortexfs1/scratch/dgellermcgrath/scripts/run-interproscan/../../january-final-gbks-as-AA-fa/MAG_382-final-gbk-AA.fa
03/02/2020 03:26:32:417 Running the following analyses:
[CDD-3.17,Coils-2.2.1,Gene3D-4.2.0,Hamap-2019_01,MobiDBLite-2.0,Pfam-32.0,PIRSF-3.02,PRINTS-42.0,ProSitePatterns-2019_01,ProSiteProfiles-2019_01,SFLD-4,SMART-7.1,SUPERFAMILY-1.75,TIGRFAM-15.0]
Available matches will be retrieved from the pre-calculated match lookup service.

Matches for any sequences that are not represented in the lookup service will be calculated locally.
03/02/2020 03:27:08:832 25% completed
03/02/2020 03:31:32:429 50% completed
03/02/2020 03:40:29:085 75% completed
03/02/2020 03:46:32:906 90% completed
03/02/2020 03:47:01:346 100% done:  InterProScan analyses completed 

