02/02/2020 14:01:20:982 Welcome to InterProScan-5.40-77.0
02/02/2020 14:01:20:983 Running InterProScan v5 in STANDALONE mode... on Linux
02/02/2020 14:01:35:662 Loading file /vortexfs1/scratch/dgellermcgrath/scripts/run-interproscan/../../january-final-gbks-as-AA-fa/MAG_1584-final-gbk-AA.fa
02/02/2020 14:01:35:664 Running the following analyses:
[CDD-3.17,Coils-2.2.1,Gene3D-4.2.0,Hamap-2019_01,MobiDBLite-2.0,Pfam-32.0,PIRSF-3.02,PRINTS-42.0,ProSitePatterns-2019_01,ProSiteProfiles-2019_01,SFLD-4,SMART-7.1,SUPERFAMILY-1.75,TIGRFAM-15.0]
Available matches will be retrieved from the pre-calculated match lookup service.

Matches for any sequences that are not represented in the lookup service will be calculated locally.
02/02/2020 14:01:43:967 Match lookup info: 0% of the 2610 unique input sequences were found in the match lookup server. 
02/02/2020 14:03:39:251 25% completed
02/02/2020 14:13:01:183 50% completed
02/02/2020 14:14:35:297 75% completed
02/02/2020 14:18:02:661 90% completed
02/02/2020 14:18:21:543 100% done:  InterProScan analyses completed 

02/02/2020 14:18:22:840 Welcome to InterProScan-5.40-77.0
02/02/2020 14:18:22:841 Running InterProScan v5 in STANDALONE mode... on Linux
02/02/2020 14:18:37:544 Loading file /vortexfs1/scratch/dgellermcgrath/scripts/run-interproscan/../../january-final-gbks-as-AA-fa/MAG_1588-final-gbk-AA.fa
02/02/2020 14:18:37:546 Running the following analyses:
[CDD-3.17,Coils-2.2.1,Gene3D-4.2.0,Hamap-2019_01,MobiDBLite-2.0,Pfam-32.0,PIRSF-3.02,PRINTS-42.0,ProSitePatterns-2019_01,ProSiteProfiles-2019_01,SFLD-4,SMART-7.1,SUPERFAMILY-1.75,TIGRFAM-15.0]
Available matches will be retrieved from the pre-calculated match lookup service.

Matches for any sequences that are not represented in the lookup service will be calculated locally.
02/02/2020 14:19:10:749 25% completed
02/02/2020 14:22:36:720 50% completed
02/02/2020 14:30:04:256 75% completed
02/02/2020 14:31:13:723 90% completed
02/02/2020 14:35:03:964 100% done:  InterProScan analyses completed 

02/02/2020 14:35:05:222 Welcome to InterProScan-5.40-77.0
02/02/2020 14:35:05:223 Running InterProScan v5 in STANDALONE mode... on Linux
02/02/2020 14:35:19:416 Loading file /vortexfs1/scratch/dgellermcgrath/scripts/run-interproscan/../../january-final-gbks-as-AA-fa/MAG_1593-final-gbk-AA.fa
02/02/2020 14:35:19:418 Running the following analyses:
[CDD-3.17,Coils-2.2.1,Gene3D-4.2.0,Hamap-2019_01,MobiDBLite-2.0,Pfam-32.0,PIRSF-3.02,PRINTS-42.0,ProSitePatterns-2019_01,ProSiteProfiles-2019_01,SFLD-4,SMART-7.1,SUPERFAMILY-1.75,TIGRFAM-15.0]
Available matches will be retrieved from the pre-calculated match lookup service.

Matches for any sequences that are not represented in the lookup service will be calculated locally.
02/02/2020 14:35:54:877 25% completed
02/02/2020 14:39:48:320 50% completed
02/02/2020 14:49:17:112 75% completed
02/02/2020 14:55:36:013 91% completed
02/02/2020 14:55:51:671 100% done:  InterProScan analyses completed 

02/02/2020 14:55:52:937 Welcome to InterProScan-5.40-77.0
02/02/2020 14:55:52:939 Running InterProScan v5 in STANDALONE mode... on Linux
02/02/2020 14:56:07:346 Loading file /vortexfs1/scratch/dgellermcgrath/scripts/run-interproscan/../../january-final-gbks-as-AA-fa/MAG_1594-final-gbk-AA.fa
02/02/2020 14:56:07:348 Running the following analyses:
[CDD-3.17,Coils-2.2.1,Gene3D-4.2.0,Hamap-2019_01,MobiDBLite-2.0,Pfam-32.0,PIRSF-3.02,PRINTS-42.0,ProSitePatterns-2019_01,ProSiteProfiles-2019_01,SFLD-4,SMART-7.1,SUPERFAMILY-1.75,TIGRFAM-15.0]
Available matches will be retrieved from the pre-calculated match lookup service.

Matches for any sequences that are not represented in the lookup service will be calculated locally.
02/02/2020 14:56:14:323 28% completed
02/02/2020 14:56:14:845 57% completed
02/02/2020 14:56:14:953 85% completed
02/02/2020 14:56:15:147 Match lookup info: 0% of the 4816 unique input sequences were found in the match lookup server. 
02/02/2020 15:18:22:789 90% completed
02/02/2020 15:30:39:366 100% done:  InterProScan analyses completed 

02/02/2020 15:30:40:672 Welcome to InterProScan-5.40-77.0
02/02/2020 15:30:40:673 Running InterProScan v5 in STANDALONE mode... on Linux
02/02/2020 15:30:55:231 Loading file /vortexfs1/scratch/dgellermcgrath/scripts/run-interproscan/../../january-final-gbks-as-AA-fa/MAG_15-final-gbk-AA.fa
02/02/2020 15:30:55:233 Running the following analyses:
[CDD-3.17,Coils-2.2.1,Gene3D-4.2.0,Hamap-2019_01,MobiDBLite-2.0,Pfam-32.0,PIRSF-3.02,PRINTS-42.0,ProSitePatterns-2019_01,ProSiteProfiles-2019_01,SFLD-4,SMART-7.1,SUPERFAMILY-1.75,TIGRFAM-15.0]
Available matches will be retrieved from the pre-calculated match lookup service.

Matches for any sequences that are not represented in the lookup service will be calculated locally.
02/02/2020 15:31:26:680 25% completed
02/02/2020 15:33:08:737 50% completed
02/02/2020 15:39:09:515 75% completed
02/02/2020 15:47:38:516 90% completed
02/02/2020 15:47:48:876 100% done:  InterProScan analyses completed 

02/02/2020 15:47:50:155 Welcome to InterProScan-5.40-77.0
02/02/2020 15:47:50:157 Running InterProScan v5 in STANDALONE mode... on Linux
02/02/2020 15:48:04:198 Loading file /vortexfs1/scratch/dgellermcgrath/scripts/run-interproscan/../../january-final-gbks-as-AA-fa/MAG_1600-final-gbk-AA.fa
02/02/2020 15:48:04:201 Running the following analyses:
[CDD-3.17,Coils-2.2.1,Gene3D-4.2.0,Hamap-2019_01,MobiDBLite-2.0,Pfam-32.0,PIRSF-3.02,PRINTS-42.0,ProSitePatterns-2019_01,ProSiteProfiles-2019_01,SFLD-4,SMART-7.1,SUPERFAMILY-1.75,TIGRFAM-15.0]
Available matches will be retrieved from the pre-calculated match lookup service.

Matches for any sequences that are not represented in the lookup service will be calculated locally.
02/02/2020 15:48:23:381 25% completed
02/02/2020 15:49:34:710 51% completed
02/02/2020 15:52:02:824 75% completed
02/02/2020 15:59:31:270 91% completed
02/02/2020 15:59:42:040 100% done:  InterProScan analyses completed 

02/02/2020 15:59:43:303 Welcome to InterProScan-5.40-77.0
02/02/2020 15:59:43:304 Running InterProScan v5 in STANDALONE mode... on Linux
02/02/2020 15:59:57:995 Loading file /vortexfs1/scratch/dgellermcgrath/scripts/run-interproscan/../../january-final-gbks-as-AA-fa/MAG_1601-final-gbk-AA.fa
02/02/2020 15:59:57:997 Running the following analyses:
[CDD-3.17,Coils-2.2.1,Gene3D-4.2.0,Hamap-2019_01,MobiDBLite-2.0,Pfam-32.0,PIRSF-3.02,PRINTS-42.0,ProSitePatterns-2019_01,ProSiteProfiles-2019_01,SFLD-4,SMART-7.1,SUPERFAMILY-1.75,TIGRFAM-15.0]
Available matches will be retrieved from the pre-calculated match lookup service.

Matches for any sequences that are not represented in the lookup service will be calculated locally.
02/02/2020 16:00:05:275 Match lookup info: 0% of the 2633 unique input sequences were found in the match lookup server. 
02/02/2020 16:02:23:939 25% completed
02/02/2020 16:14:08:534 50% completed
02/02/2020 16:15:26:681 75% completed
02/02/2020 16:21:45:397 90% completed
02/02/2020 16:22:06:671 100% done:  InterProScan analyses completed 

02/02/2020 16:22:07:962 Welcome to InterProScan-5.40-77.0
02/02/2020 16:22:07:963 Running InterProScan v5 in STANDALONE mode... on Linux
02/02/2020 16:22:21:878 Loading file /vortexfs1/scratch/dgellermcgrath/scripts/run-interproscan/../../january-final-gbks-as-AA-fa/MAG_1604-final-gbk-AA.fa
02/02/2020 16:22:21:880 Running the following analyses:
[CDD-3.17,Coils-2.2.1,Gene3D-4.2.0,Hamap-2019_01,MobiDBLite-2.0,Pfam-32.0,PIRSF-3.02,PRINTS-42.0,ProSitePatterns-2019_01,ProSiteProfiles-2019_01,SFLD-4,SMART-7.1,SUPERFAMILY-1.75,TIGRFAM-15.0]
Available matches will be retrieved from the pre-calculated match lookup service.

Matches for any sequences that are not represented in the lookup service will be calculated locally.
02/02/2020 16:22:52:777 26% completed
02/02/2020 16:26:04:751 50% completed
02/02/2020 16:35:57:832 75% completed
02/02/2020 16:36:32:158 90% completed
02/02/2020 16:41:44:039 100% done:  InterProScan analyses completed 

02/02/2020 16:41:45:306 Welcome to InterProScan-5.40-77.0
02/02/2020 16:41:45:307 Running InterProScan v5 in STANDALONE mode... on Linux
02/02/2020 16:41:59:722 Loading file /vortexfs1/scratch/dgellermcgrath/scripts/run-interproscan/../../january-final-gbks-as-AA-fa/MAG_1605-final-gbk-AA.fa
02/02/2020 16:41:59:724 Running the following analyses:
[CDD-3.17,Coils-2.2.1,Gene3D-4.2.0,Hamap-2019_01,MobiDBLite-2.0,Pfam-32.0,PIRSF-3.02,PRINTS-42.0,ProSitePatterns-2019_01,ProSiteProfiles-2019_01,SFLD-4,SMART-7.1,SUPERFAMILY-1.75,TIGRFAM-15.0]
Available matches will be retrieved from the pre-calculated match lookup service.

Matches for any sequences that are not represented in the lookup service will be calculated locally.
02/02/2020 16:42:13:253 33% completed
02/02/2020 16:42:17:006 83% completed
02/02/2020 16:42:17:259 Match lookup info: 0% of the 7563 unique input sequences were found in the match lookup server. 
02/02/2020 17:16:05:638 90% completed
02/02/2020 17:23:26:963 100% done:  InterProScan analyses completed 

02/02/2020 17:23:28:239 Welcome to InterProScan-5.40-77.0
02/02/2020 17:23:28:240 Running InterProScan v5 in STANDALONE mode... on Linux
02/02/2020 17:23:42:099 Loading file /vortexfs1/scratch/dgellermcgrath/scripts/run-interproscan/../../january-final-gbks-as-AA-fa/MAG_1606-final-gbk-AA.fa
02/02/2020 17:23:42:101 Running the following analyses:
[CDD-3.17,Coils-2.2.1,Gene3D-4.2.0,Hamap-2019_01,MobiDBLite-2.0,Pfam-32.0,PIRSF-3.02,PRINTS-42.0,ProSitePatterns-2019_01,ProSiteProfiles-2019_01,SFLD-4,SMART-7.1,SUPERFAMILY-1.75,TIGRFAM-15.0]
Available matches will be retrieved from the pre-calculated match lookup service.

Matches for any sequences that are not represented in the lookup service will be calculated locally.
02/02/2020 17:24:14:600 25% completed
02/02/2020 17:34:39:928 50% completed
02/02/2020 17:37:25:903 75% completed
02/02/2020 17:41:02:387 90% completed
02/02/2020 17:43:03:352 100% done:  InterProScan analyses completed 

02/02/2020 17:43:04:634 Welcome to InterProScan-5.40-77.0
02/02/2020 17:43:04:635 Running InterProScan v5 in STANDALONE mode... on Linux
02/02/2020 17:43:18:288 Loading file /vortexfs1/scratch/dgellermcgrath/scripts/run-interproscan/../../january-final-gbks-as-AA-fa/MAG_1607-final-gbk-AA.fa
02/02/2020 17:43:18:291 Running the following analyses:
[CDD-3.17,Coils-2.2.1,Gene3D-4.2.0,Hamap-2019_01,MobiDBLite-2.0,Pfam-32.0,PIRSF-3.02,PRINTS-42.0,ProSitePatterns-2019_01,ProSiteProfiles-2019_01,SFLD-4,SMART-7.1,SUPERFAMILY-1.75,TIGRFAM-15.0]
Available matches will be retrieved from the pre-calculated match lookup service.

Matches for any sequences that are not represented in the lookup service will be calculated locally.
02/02/2020 17:43:22:029 33% completed
02/02/2020 17:43:27:214 83% completed
02/02/2020 17:43:27:329 Match lookup info: 0% of the 3202 unique input sequences were found in the match lookup server. 
02/02/2020 18:00:51:019 90% completed
02/02/2020 18:01:32:588 100% done:  InterProScan analyses completed 

02/02/2020 18:01:33:881 Welcome to InterProScan-5.40-77.0
02/02/2020 18:01:33:882 Running InterProScan v5 in STANDALONE mode... on Linux
02/02/2020 18:01:48:048 Loading file /vortexfs1/scratch/dgellermcgrath/scripts/run-interproscan/../../january-final-gbks-as-AA-fa/MAG_1610-final-gbk-AA.fa
02/02/2020 18:01:48:050 Running the following analyses:
[CDD-3.17,Coils-2.2.1,Gene3D-4.2.0,Hamap-2019_01,MobiDBLite-2.0,Pfam-32.0,PIRSF-3.02,PRINTS-42.0,ProSitePatterns-2019_01,ProSiteProfiles-2019_01,SFLD-4,SMART-7.1,SUPERFAMILY-1.75,TIGRFAM-15.0]
Available matches will be retrieved from the pre-calculated match lookup service.

Matches for any sequences that are not represented in the lookup service will be calculated locally.
02/02/2020 18:02:23:100 26% completed
02/02/2020 18:05:20:927 50% completed
02/02/2020 18:14:21:408 75% completed
02/02/2020 18:18:46:958 90% completed
02/02/2020 18:18:58:723 100% done:  InterProScan analyses completed 

02/02/2020 18:19:00:004 Welcome to InterProScan-5.40-77.0
02/02/2020 18:19:00:005 Running InterProScan v5 in STANDALONE mode... on Linux
02/02/2020 18:19:14:450 Loading file /vortexfs1/scratch/dgellermcgrath/scripts/run-interproscan/../../january-final-gbks-as-AA-fa/MAG_1618-final-gbk-AA.fa
02/02/2020 18:19:14:452 Running the following analyses:
[CDD-3.17,Coils-2.2.1,Gene3D-4.2.0,Hamap-2019_01,MobiDBLite-2.0,Pfam-32.0,PIRSF-3.02,PRINTS-42.0,ProSitePatterns-2019_01,ProSiteProfiles-2019_01,SFLD-4,SMART-7.1,SUPERFAMILY-1.75,TIGRFAM-15.0]
Available matches will be retrieved from the pre-calculated match lookup service.

Matches for any sequences that are not represented in the lookup service will be calculated locally.
02/02/2020 18:19:22:997 28% completed
02/02/2020 18:19:23:103 71% completed
02/02/2020 18:19:23:218 85% completed
02/02/2020 18:19:23:406 Match lookup info: 0% of the 4919 unique input sequences were found in the match lookup server. 
02/02/2020 18:45:20:282 90% completed
02/02/2020 18:59:11:468 100% done:  InterProScan analyses completed 

02/02/2020 18:59:12:726 Welcome to InterProScan-5.40-77.0
02/02/2020 18:59:12:727 Running InterProScan v5 in STANDALONE mode... on Linux
02/02/2020 18:59:26:561 Loading file /vortexfs1/scratch/dgellermcgrath/scripts/run-interproscan/../../january-final-gbks-as-AA-fa/MAG_1620-final-gbk-AA.fa
02/02/2020 18:59:26:564 Running the following analyses:
[CDD-3.17,Coils-2.2.1,Gene3D-4.2.0,Hamap-2019_01,MobiDBLite-2.0,Pfam-32.0,PIRSF-3.02,PRINTS-42.0,ProSitePatterns-2019_01,ProSiteProfiles-2019_01,SFLD-4,SMART-7.1,SUPERFAMILY-1.75,TIGRFAM-15.0]
Available matches will be retrieved from the pre-calculated match lookup service.

Matches for any sequences that are not represented in the lookup service will be calculated locally.
02/02/2020 18:59:32:191 28% completed
02/02/2020 18:59:34:886 71% completed
02/02/2020 18:59:34:997 85% completed
02/02/2020 18:59:35:150 Match lookup info: 0% of the 4684 unique input sequences were found in the match lookup server. 
02/02/2020 19:21:38:187 90% completed
02/02/2020 19:35:05:578 100% done:  InterProScan analyses completed 

02/02/2020 19:35:06:878 Welcome to InterProScan-5.40-77.0
02/02/2020 19:35:06:879 Running InterProScan v5 in STANDALONE mode... on Linux
02/02/2020 19:35:21:220 Loading file /vortexfs1/scratch/dgellermcgrath/scripts/run-interproscan/../../january-final-gbks-as-AA-fa/MAG_1627-final-gbk-AA.fa
02/02/2020 19:35:21:222 Running the following analyses:
[CDD-3.17,Coils-2.2.1,Gene3D-4.2.0,Hamap-2019_01,MobiDBLite-2.0,Pfam-32.0,PIRSF-3.02,PRINTS-42.0,ProSitePatterns-2019_01,ProSiteProfiles-2019_01,SFLD-4,SMART-7.1,SUPERFAMILY-1.75,TIGRFAM-15.0]
Available matches will be retrieved from the pre-calculated match lookup service.

Matches for any sequences that are not represented in the lookup service will be calculated locally.
02/02/2020 19:36:03:760 25% completed
02/02/2020 19:40:08:809 50% completed
02/02/2020 19:48:50:513 75% completed
02/02/2020 19:53:26:832 90% completed
02/02/2020 19:54:22:423 100% done:  InterProScan analyses completed 

02/02/2020 19:54:23:718 Welcome to InterProScan-5.40-77.0
02/02/2020 19:54:23:719 Running InterProScan v5 in STANDALONE mode... on Linux
02/02/2020 19:54:37:430 Loading file /vortexfs1/scratch/dgellermcgrath/scripts/run-interproscan/../../january-final-gbks-as-AA-fa/MAG_1628-final-gbk-AA.fa
02/02/2020 19:54:37:432 Running the following analyses:
[CDD-3.17,Coils-2.2.1,Gene3D-4.2.0,Hamap-2019_01,MobiDBLite-2.0,Pfam-32.0,PIRSF-3.02,PRINTS-42.0,ProSitePatterns-2019_01,ProSiteProfiles-2019_01,SFLD-4,SMART-7.1,SUPERFAMILY-1.75,TIGRFAM-15.0]
Available matches will be retrieved from the pre-calculated match lookup service.

Matches for any sequences that are not represented in the lookup service will be calculated locally.
02/02/2020 19:54:58:435 Match lookup info: 5% of the 2555 unique input sequences were found in the match lookup server. 
02/02/2020 19:56:51:482 25% completed
02/02/2020 20:02:27:056 50% completed
02/02/2020 20:10:10:762 75% completed
02/02/2020 20:16:18:701 90% completed
02/02/2020 20:16:44:618 100% done:  InterProScan analyses completed 

02/02/2020 20:16:45:885 Welcome to InterProScan-5.40-77.0
02/02/2020 20:16:45:886 Running InterProScan v5 in STANDALONE mode... on Linux
02/02/2020 20:17:00:446 Loading file /vortexfs1/scratch/dgellermcgrath/scripts/run-interproscan/../../january-final-gbks-as-AA-fa/MAG_1630-final-gbk-AA.fa
02/02/2020 20:17:00:448 Running the following analyses:
[CDD-3.17,Coils-2.2.1,Gene3D-4.2.0,Hamap-2019_01,MobiDBLite-2.0,Pfam-32.0,PIRSF-3.02,PRINTS-42.0,ProSitePatterns-2019_01,ProSiteProfiles-2019_01,SFLD-4,SMART-7.1,SUPERFAMILY-1.75,TIGRFAM-15.0]
Available matches will be retrieved from the pre-calculated match lookup service.

Matches for any sequences that are not represented in the lookup service will be calculated locally.
02/02/2020 20:17:07:429 Match lookup info: 0% of the 2332 unique input sequences were found in the match lookup server. 
02/02/2020 20:18:43:355 25% completed
02/02/2020 20:22:17:693 50% completed
02/02/2020 20:29:42:623 75% completed
02/02/2020 20:33:14:879 91% completed
02/02/2020 20:33:46:926 100% done:  InterProScan analyses completed 

02/02/2020 20:33:48:209 Welcome to InterProScan-5.40-77.0
02/02/2020 20:33:48:210 Running InterProScan v5 in STANDALONE mode... on Linux
02/02/2020 20:34:03:348 Loading file /vortexfs1/scratch/dgellermcgrath/scripts/run-interproscan/../../january-final-gbks-as-AA-fa/MAG_1636-final-gbk-AA.fa
02/02/2020 20:34:03:350 Running the following analyses:
[CDD-3.17,Coils-2.2.1,Gene3D-4.2.0,Hamap-2019_01,MobiDBLite-2.0,Pfam-32.0,PIRSF-3.02,PRINTS-42.0,ProSitePatterns-2019_01,ProSiteProfiles-2019_01,SFLD-4,SMART-7.1,SUPERFAMILY-1.75,TIGRFAM-15.0]
Available matches will be retrieved from the pre-calculated match lookup service.

Matches for any sequences that are not represented in the lookup service will be calculated locally.
02/02/2020 20:34:10:627 87% completed
02/02/2020 20:34:10:834 Match lookup info: 0% of the 5344 unique input sequences were found in the match lookup server. 
02/02/2020 20:58:15:909 90% completed
02/02/2020 21:00:44:995 100% done:  InterProScan analyses completed 

02/02/2020 21:00:46:281 Welcome to InterProScan-5.40-77.0
02/02/2020 21:00:46:282 Running InterProScan v5 in STANDALONE mode... on Linux
02/02/2020 21:01:00:788 Loading file /vortexfs1/scratch/dgellermcgrath/scripts/run-interproscan/../../january-final-gbks-as-AA-fa/MAG_1638-final-gbk-AA.fa
02/02/2020 21:01:00:790 Running the following analyses:
[CDD-3.17,Coils-2.2.1,Gene3D-4.2.0,Hamap-2019_01,MobiDBLite-2.0,Pfam-32.0,PIRSF-3.02,PRINTS-42.0,ProSitePatterns-2019_01,ProSiteProfiles-2019_01,SFLD-4,SMART-7.1,SUPERFAMILY-1.75,TIGRFAM-15.0]
Available matches will be retrieved from the pre-calculated match lookup service.

Matches for any sequences that are not represented in the lookup service will be calculated locally.
02/02/2020 21:01:30:014 26% completed
02/02/2020 21:03:48:231 50% completed
02/02/2020 21:08:30:497 75% completed
02/02/2020 21:13:13:407 90% completed
02/02/2020 21:17:08:293 100% done:  InterProScan analyses completed 

02/02/2020 21:17:09:547 Welcome to InterProScan-5.40-77.0
02/02/2020 21:17:09:548 Running InterProScan v5 in STANDALONE mode... on Linux
02/02/2020 21:17:24:621 Loading file /vortexfs1/scratch/dgellermcgrath/scripts/run-interproscan/../../january-final-gbks-as-AA-fa/MAG_163-final-gbk-AA.fa
02/02/2020 21:17:24:624 Running the following analyses:
[CDD-3.17,Coils-2.2.1,Gene3D-4.2.0,Hamap-2019_01,MobiDBLite-2.0,Pfam-32.0,PIRSF-3.02,PRINTS-42.0,ProSitePatterns-2019_01,ProSiteProfiles-2019_01,SFLD-4,SMART-7.1,SUPERFAMILY-1.75,TIGRFAM-15.0]
Available matches will be retrieved from the pre-calculated match lookup service.

Matches for any sequences that are not represented in the lookup service will be calculated locally.
02/02/2020 21:17:59:102 26% completed
02/02/2020 21:22:17:662 50% completed
02/02/2020 21:26:38:752 75% completed
02/02/2020 21:36:56:216 91% completed
02/02/2020 21:37:19:183 100% done:  InterProScan analyses completed 

02/02/2020 21:37:20:471 Welcome to InterProScan-5.40-77.0
02/02/2020 21:37:20:472 Running InterProScan v5 in STANDALONE mode... on Linux
02/02/2020 21:37:34:003 Loading file /vortexfs1/scratch/dgellermcgrath/scripts/run-interproscan/../../january-final-gbks-as-AA-fa/MAG_1647-final-gbk-AA.fa
02/02/2020 21:37:34:005 Running the following analyses:
[CDD-3.17,Coils-2.2.1,Gene3D-4.2.0,Hamap-2019_01,MobiDBLite-2.0,Pfam-32.0,PIRSF-3.02,PRINTS-42.0,ProSitePatterns-2019_01,ProSiteProfiles-2019_01,SFLD-4,SMART-7.1,SUPERFAMILY-1.75,TIGRFAM-15.0]
Available matches will be retrieved from the pre-calculated match lookup service.

Matches for any sequences that are not represented in the lookup service will be calculated locally.
02/02/2020 21:37:40:644 Match lookup info: 0% of the 2545 unique input sequences were found in the match lookup server. 
02/02/2020 21:39:37:115 25% completed
02/02/2020 21:43:44:093 50% completed
02/02/2020 21:52:08:433 75% completed
02/02/2020 21:58:27:386 91% completed
02/02/2020 21:58:57:104 100% done:  InterProScan analyses completed 

02/02/2020 21:58:58:399 Welcome to InterProScan-5.40-77.0
02/02/2020 21:58:58:401 Running InterProScan v5 in STANDALONE mode... on Linux
02/02/2020 21:59:13:193 Loading file /vortexfs1/scratch/dgellermcgrath/scripts/run-interproscan/../../january-final-gbks-as-AA-fa/MAG_1649-final-gbk-AA.fa
02/02/2020 21:59:13:196 Running the following analyses:
[CDD-3.17,Coils-2.2.1,Gene3D-4.2.0,Hamap-2019_01,MobiDBLite-2.0,Pfam-32.0,PIRSF-3.02,PRINTS-42.0,ProSitePatterns-2019_01,ProSiteProfiles-2019_01,SFLD-4,SMART-7.1,SUPERFAMILY-1.75,TIGRFAM-15.0]
Available matches will be retrieved from the pre-calculated match lookup service.

Matches for any sequences that are not represented in the lookup service will be calculated locally.
02/02/2020 21:59:45:357 25% completed
02/02/2020 22:03:18:749 50% completed
02/02/2020 22:11:37:275 75% completed
02/02/2020 22:15:15:224 90% completed
02/02/2020 22:15:43:872 100% done:  InterProScan analyses completed 

02/02/2020 22:15:45:149 Welcome to InterProScan-5.40-77.0
02/02/2020 22:15:45:150 Running InterProScan v5 in STANDALONE mode... on Linux
02/02/2020 22:15:59:819 Loading file /vortexfs1/scratch/dgellermcgrath/scripts/run-interproscan/../../january-final-gbks-as-AA-fa/MAG_164-final-gbk-AA.fa
02/02/2020 22:15:59:821 Running the following analyses:
[CDD-3.17,Coils-2.2.1,Gene3D-4.2.0,Hamap-2019_01,MobiDBLite-2.0,Pfam-32.0,PIRSF-3.02,PRINTS-42.0,ProSitePatterns-2019_01,ProSiteProfiles-2019_01,SFLD-4,SMART-7.1,SUPERFAMILY-1.75,TIGRFAM-15.0]
Available matches will be retrieved from the pre-calculated match lookup service.

Matches for any sequences that are not represented in the lookup service will be calculated locally.
02/02/2020 22:16:34:637 33% completed
02/02/2020 22:16:58:579 66% completed
02/02/2020 22:17:00:410 83% completed
02/02/2020 22:17:00:499 Match lookup info: 38% of the 3542 unique input sequences were found in the match lookup server. 
02/02/2020 22:34:54:285 91% completed
02/02/2020 22:35:43:809 100% done:  InterProScan analyses completed 

02/02/2020 22:35:45:076 Welcome to InterProScan-5.40-77.0
02/02/2020 22:35:45:077 Running InterProScan v5 in STANDALONE mode... on Linux
02/02/2020 22:35:59:145 Loading file /vortexfs1/scratch/dgellermcgrath/scripts/run-interproscan/../../january-final-gbks-as-AA-fa/MAG_1650-final-gbk-AA.fa
02/02/2020 22:35:59:147 Running the following analyses:
[CDD-3.17,Coils-2.2.1,Gene3D-4.2.0,Hamap-2019_01,MobiDBLite-2.0,Pfam-32.0,PIRSF-3.02,PRINTS-42.0,ProSitePatterns-2019_01,ProSiteProfiles-2019_01,SFLD-4,SMART-7.1,SUPERFAMILY-1.75,TIGRFAM-15.0]
Available matches will be retrieved from the pre-calculated match lookup service.

Matches for any sequences that are not represented in the lookup service will be calculated locally.
02/02/2020 22:36:17:725 25% completed
02/02/2020 22:37:53:690 51% completed
02/02/2020 22:41:54:078 75% completed
02/02/2020 22:48:05:073 90% completed
02/02/2020 22:51:37:924 100% done:  InterProScan analyses completed 

02/02/2020 22:51:39:190 Welcome to InterProScan-5.40-77.0
02/02/2020 22:51:39:191 Running InterProScan v5 in STANDALONE mode... on Linux
02/02/2020 22:51:53:793 Loading file /vortexfs1/scratch/dgellermcgrath/scripts/run-interproscan/../../january-final-gbks-as-AA-fa/MAG_1655-final-gbk-AA.fa
02/02/2020 22:51:53:795 Running the following analyses:
[CDD-3.17,Coils-2.2.1,Gene3D-4.2.0,Hamap-2019_01,MobiDBLite-2.0,Pfam-32.0,PIRSF-3.02,PRINTS-42.0,ProSitePatterns-2019_01,ProSiteProfiles-2019_01,SFLD-4,SMART-7.1,SUPERFAMILY-1.75,TIGRFAM-15.0]
Available matches will be retrieved from the pre-calculated match lookup service.

Matches for any sequences that are not represented in the lookup service will be calculated locally.
02/02/2020 22:52:00:120 Match lookup info: 0% of the 2323 unique input sequences were found in the match lookup server. 
02/02/2020 22:53:48:677 25% completed
02/02/2020 23:00:07:475 50% completed
02/02/2020 23:07:07:477 75% completed
02/02/2020 23:13:11:794 90% completed
02/02/2020 23:13:46:874 100% done:  InterProScan analyses completed 

02/02/2020 23:13:48:158 Welcome to InterProScan-5.40-77.0
02/02/2020 23:13:48:159 Running InterProScan v5 in STANDALONE mode... on Linux
02/02/2020 23:14:01:826 Loading file /vortexfs1/scratch/dgellermcgrath/scripts/run-interproscan/../../january-final-gbks-as-AA-fa/MAG_1679-final-gbk-AA.fa
02/02/2020 23:14:01:828 Running the following analyses:
[CDD-3.17,Coils-2.2.1,Gene3D-4.2.0,Hamap-2019_01,MobiDBLite-2.0,Pfam-32.0,PIRSF-3.02,PRINTS-42.0,ProSitePatterns-2019_01,ProSiteProfiles-2019_01,SFLD-4,SMART-7.1,SUPERFAMILY-1.75,TIGRFAM-15.0]
Available matches will be retrieved from the pre-calculated match lookup service.

Matches for any sequences that are not represented in the lookup service will be calculated locally.
02/02/2020 23:14:44:475 25% completed
02/02/2020 23:17:54:498 51% completed
02/02/2020 23:27:02:097 75% completed
02/02/2020 23:28:49:513 90% completed
02/02/2020 23:31:54:238 100% done:  InterProScan analyses completed 

02/02/2020 23:31:55:497 Welcome to InterProScan-5.40-77.0
02/02/2020 23:31:55:498 Running InterProScan v5 in STANDALONE mode... on Linux
02/02/2020 23:32:09:529 Loading file /vortexfs1/scratch/dgellermcgrath/scripts/run-interproscan/../../january-final-gbks-as-AA-fa/MAG_1681-final-gbk-AA.fa
02/02/2020 23:32:09:531 Running the following analyses:
[CDD-3.17,Coils-2.2.1,Gene3D-4.2.0,Hamap-2019_01,MobiDBLite-2.0,Pfam-32.0,PIRSF-3.02,PRINTS-42.0,ProSitePatterns-2019_01,ProSiteProfiles-2019_01,SFLD-4,SMART-7.1,SUPERFAMILY-1.75,TIGRFAM-15.0]
Available matches will be retrieved from the pre-calculated match lookup service.

Matches for any sequences that are not represented in the lookup service will be calculated locally.
02/02/2020 23:32:42:887 25% completed
02/02/2020 23:43:15:357 50% completed
02/02/2020 23:45:11:402 75% completed
02/02/2020 23:48:21:421 90% completed
02/02/2020 23:49:33:893 100% done:  InterProScan analyses completed 

02/02/2020 23:49:35:145 Welcome to InterProScan-5.40-77.0
02/02/2020 23:49:35:146 Running InterProScan v5 in STANDALONE mode... on Linux
02/02/2020 23:49:48:866 Loading file /vortexfs1/scratch/dgellermcgrath/scripts/run-interproscan/../../january-final-gbks-as-AA-fa/MAG_1684-final-gbk-AA.fa
02/02/2020 23:49:48:868 Running the following analyses:
[CDD-3.17,Coils-2.2.1,Gene3D-4.2.0,Hamap-2019_01,MobiDBLite-2.0,Pfam-32.0,PIRSF-3.02,PRINTS-42.0,ProSitePatterns-2019_01,ProSiteProfiles-2019_01,SFLD-4,SMART-7.1,SUPERFAMILY-1.75,TIGRFAM-15.0]
Available matches will be retrieved from the pre-calculated match lookup service.

Matches for any sequences that are not represented in the lookup service will be calculated locally.
02/02/2020 23:49:55:716 Match lookup info: 0% of the 2067 unique input sequences were found in the match lookup server. 
02/02/2020 23:50:26:436 25% completed
02/02/2020 23:53:01:893 50% completed
03/02/2020 00:03:17:617 75% completed
03/02/2020 00:08:15:274 90% completed
03/02/2020 00:08:45:869 100% done:  InterProScan analyses completed 

03/02/2020 00:08:47:139 Welcome to InterProScan-5.40-77.0
03/02/2020 00:08:47:140 Running InterProScan v5 in STANDALONE mode... on Linux
03/02/2020 00:09:01:511 Loading file /vortexfs1/scratch/dgellermcgrath/scripts/run-interproscan/../../january-final-gbks-as-AA-fa/MAG_16-final-gbk-AA.fa
03/02/2020 00:09:01:514 Running the following analyses:
[CDD-3.17,Coils-2.2.1,Gene3D-4.2.0,Hamap-2019_01,MobiDBLite-2.0,Pfam-32.0,PIRSF-3.02,PRINTS-42.0,ProSitePatterns-2019_01,ProSiteProfiles-2019_01,SFLD-4,SMART-7.1,SUPERFAMILY-1.75,TIGRFAM-15.0]
Available matches will be retrieved from the pre-calculated match lookup service.

Matches for any sequences that are not represented in the lookup service will be calculated locally.
03/02/2020 00:09:17:183 33% completed
03/02/2020 00:09:19:440 83% completed
03/02/2020 00:09:19:604 Match lookup info: 3% of the 3962 unique input sequences were found in the match lookup server. 
ERROR: uk.ac.ebi.interpro.scan.management.model.implementations.RunBinaryStep - Command line failed with exit code: 17
Command: bin/prosite/ps_scan.pl -d data/prosite/2019_01/prosite.dat -w bin/prosite/pfsearch -s -m -o gff -y data/prosite/2019_01/prosite_models /vortexfs1/scratch/dgellermcgrath/scripts/run-interproscan/temp/pn059_20200203_000850803_kshu//jobPrositeProfiles/000000001001_000000002000.fasta 
Error output from binary:
Unable to create /vortexfs1/scratch/dgellermcgrath/scripts/run-interproscan/temp/pn059_20200203_000850803_kshu//jobPrositeProfiles//pn059 at bin/prosite/ps_scan.pl line 923.

ERROR: uk.ac.ebi.interpro.scan.jms.worker.LocalJobQueueListener - Execution thrown when attempting to executeInTransaction the StepExecution.  All database activity rolled back.
java.lang.IllegalStateException: Command line failed with exit code: 17
Command: bin/prosite/ps_scan.pl -d data/prosite/2019_01/prosite.dat -w bin/prosite/pfsearch -s -m -o gff -y data/prosite/2019_01/prosite_models /vortexfs1/scratch/dgellermcgrath/scripts/run-interproscan/temp/pn059_20200203_000850803_kshu//jobPrositeProfiles/000000001001_000000002000.fasta 
Error output from binary:
Unable to create /vortexfs1/scratch/dgellermcgrath/scripts/run-interproscan/temp/pn059_20200203_000850803_kshu//jobPrositeProfiles//pn059 at bin/prosite/ps_scan.pl line 923.

	at uk.ac.ebi.interpro.scan.management.model.implementations.RunBinaryStep.execute(RunBinaryStep.java:200)
	at uk.ac.ebi.interpro.scan.jms.activemq.StepExecutionTransactionImpl.executeInTransaction(StepExecutionTransactionImpl.java:86)
	at jdk.internal.reflect.GeneratedMethodAccessor105.invoke(Unknown Source)
	at java.base/jdk.internal.reflect.DelegatingMethodAccessorImpl.invoke(DelegatingMethodAccessorImpl.java:43)
	at java.base/java.lang.reflect.Method.invoke(Method.java:566)
	at org.springframework.aop.support.AopUtils.invokeJoinpointUsingReflection(AopUtils.java:343)
	at org.springframework.aop.framework.ReflectiveMethodInvocation.invokeJoinpoint(ReflectiveMethodInvocation.java:198)
	at org.springframework.aop.framework.ReflectiveMethodInvocation.proceed(ReflectiveMethodInvocation.java:163)
	at org.springframework.transaction.interceptor.TransactionAspectSupport.invokeWithinTransaction(TransactionAspectSupport.java:294)
	at org.springframework.transaction.interceptor.TransactionInterceptor.invoke(TransactionInterceptor.java:98)
	at org.springframework.aop.framework.ReflectiveMethodInvocation.proceed(ReflectiveMethodInvocation.java:186)
	at org.springframework.aop.framework.JdkDynamicAopProxy.invoke(JdkDynamicAopProxy.java:212)
	at com.sun.proxy.$Proxy142.executeInTransaction(Unknown Source)
	at uk.ac.ebi.interpro.scan.jms.worker.LocalJobQueueListener.onMessage(LocalJobQueueListener.java:193)
	at org.springframework.jms.listener.AbstractMessageListenerContainer.doInvokeListener(AbstractMessageListenerContainer.java:761)
	at org.springframework.jms.listener.AbstractMessageListenerContainer.invokeListener(AbstractMessageListenerContainer.java:699)
	at org.springframework.jms.listener.AbstractMessageListenerContainer.doExecuteListener(AbstractMessageListenerContainer.java:674)
	at org.springframework.jms.listener.AbstractPollingMessageListenerContainer.doReceiveAndExecute(AbstractPollingMessageListenerContainer.java:318)
	at org.springframework.jms.listener.AbstractPollingMessageListenerContainer.receiveAndExecute(AbstractPollingMessageListenerContainer.java:257)
	at org.springframework.jms.listener.DefaultMessageListenerContainer$AsyncMessageListenerInvoker.invokeListener(DefaultMessageListenerContainer.java:1189)
	at org.springframework.jms.listener.DefaultMessageListenerContainer$AsyncMessageListenerInvoker.executeOngoingLoop(DefaultMessageListenerContainer.java:1179)
	at org.springframework.jms.listener.DefaultMessageListenerContainer$AsyncMessageListenerInvoker.run(DefaultMessageListenerContainer.java:1076)
	at java.base/java.lang.Thread.run(Thread.java:834)
ERROR: uk.ac.ebi.interpro.scan.jms.worker.LocalJobQueueListener - The exception is :
java.lang.IllegalStateException: Command line failed with exit code: 17
Command: bin/prosite/ps_scan.pl -d data/prosite/2019_01/prosite.dat -w bin/prosite/pfsearch -s -m -o gff -y data/prosite/2019_01/prosite_models /vortexfs1/scratch/dgellermcgrath/scripts/run-interproscan/temp/pn059_20200203_000850803_kshu//jobPrositeProfiles/000000001001_000000002000.fasta 
Error output from binary:
Unable to create /vortexfs1/scratch/dgellermcgrath/scripts/run-interproscan/temp/pn059_20200203_000850803_kshu//jobPrositeProfiles//pn059 at bin/prosite/ps_scan.pl line 923.

	at uk.ac.ebi.interpro.scan.management.model.implementations.RunBinaryStep.execute(RunBinaryStep.java:200)
	at uk.ac.ebi.interpro.scan.jms.activemq.StepExecutionTransactionImpl.executeInTransaction(StepExecutionTransactionImpl.java:86)
	at jdk.internal.reflect.GeneratedMethodAccessor105.invoke(Unknown Source)
	at java.base/jdk.internal.reflect.DelegatingMethodAccessorImpl.invoke(DelegatingMethodAccessorImpl.java:43)
	at java.base/java.lang.reflect.Method.invoke(Method.java:566)
	at org.springframework.aop.support.AopUtils.invokeJoinpointUsingReflection(AopUtils.java:343)
	at org.springframework.aop.framework.ReflectiveMethodInvocation.invokeJoinpoint(ReflectiveMethodInvocation.java:198)
	at org.springframework.aop.framework.ReflectiveMethodInvocation.proceed(ReflectiveMethodInvocation.java:163)
	at org.springframework.transaction.interceptor.TransactionAspectSupport.invokeWithinTransaction(TransactionAspectSupport.java:294)
	at org.springframework.transaction.interceptor.TransactionInterceptor.invoke(TransactionInterceptor.java:98)
	at org.springframework.aop.framework.ReflectiveMethodInvocation.proceed(ReflectiveMethodInvocation.java:186)
	at org.springframework.aop.framework.JdkDynamicAopProxy.invoke(JdkDynamicAopProxy.java:212)
	at com.sun.proxy.$Proxy142.executeInTransaction(Unknown Source)
	at uk.ac.ebi.interpro.scan.jms.worker.LocalJobQueueListener.onMessage(LocalJobQueueListener.java:193)
	at org.springframework.jms.listener.AbstractMessageListenerContainer.doInvokeListener(AbstractMessageListenerContainer.java:761)
	at org.springframework.jms.listener.AbstractMessageListenerContainer.invokeListener(AbstractMessageListenerContainer.java:699)
	at org.springframework.jms.listener.AbstractMessageListenerContainer.doExecuteListener(AbstractMessageListenerContainer.java:674)
	at org.springframework.jms.listener.AbstractPollingMessageListenerContainer.doReceiveAndExecute(AbstractPollingMessageListenerContainer.java:318)
	at org.springframework.jms.listener.AbstractPollingMessageListenerContainer.receiveAndExecute(AbstractPollingMessageListenerContainer.java:257)
	at org.springframework.jms.listener.DefaultMessageListenerContainer$AsyncMessageListenerInvoker.invokeListener(DefaultMessageListenerContainer.java:1189)
	at org.springframework.jms.listener.DefaultMessageListenerContainer$AsyncMessageListenerInvoker.executeOngoingLoop(DefaultMessageListenerContainer.java:1179)
	at org.springframework.jms.listener.DefaultMessageListenerContainer$AsyncMessageListenerInvoker.run(DefaultMessageListenerContainer.java:1076)
	at java.base/java.lang.Thread.run(Thread.java:834)
ERROR: uk.ac.ebi.interpro.scan.jms.worker.LocalJobQueueListener - 2. The exception is :java.lang.IllegalStateException: Command line failed with exit code: 17
Command: bin/prosite/ps_scan.pl -d data/prosite/2019_01/prosite.dat -w bin/prosite/pfsearch -s -m -o gff -y data/prosite/2019_01/prosite_models /vortexfs1/scratch/dgellermcgrath/scripts/run-interproscan/temp/pn059_20200203_000850803_kshu//jobPrositeProfiles/000000001001_000000002000.fasta 
Error output from binary:
Unable to create /vortexfs1/scratch/dgellermcgrath/scripts/run-interproscan/temp/pn059_20200203_000850803_kshu//jobPrositeProfiles//pn059 at bin/prosite/ps_scan.pl line 923.

ERROR: uk.ac.ebi.interpro.scan.jms.worker.LocalJobQueueListener - StepExecution with errors - stepName: stepPrositeProfilesRunBinary
WARN : uk.ac.ebi.interpro.scan.jms.master.StandaloneBlackBoxMaster - StepInstance 179 is being re-run following a failure.
03/02/2020 00:29:49:024 90% completed
03/02/2020 00:34:03:731 100% done:  InterProScan analyses completed 

03/02/2020 00:34:05:003 Welcome to InterProScan-5.40-77.0
03/02/2020 00:34:05:004 Running InterProScan v5 in STANDALONE mode... on Linux
03/02/2020 00:34:18:741 Loading file /vortexfs1/scratch/dgellermcgrath/scripts/run-interproscan/../../january-final-gbks-as-AA-fa/MAG_171-final-gbk-AA.fa
03/02/2020 00:34:18:743 Running the following analyses:
[CDD-3.17,Coils-2.2.1,Gene3D-4.2.0,Hamap-2019_01,MobiDBLite-2.0,Pfam-32.0,PIRSF-3.02,PRINTS-42.0,ProSitePatterns-2019_01,ProSiteProfiles-2019_01,SFLD-4,SMART-7.1,SUPERFAMILY-1.75,TIGRFAM-15.0]
Available matches will be retrieved from the pre-calculated match lookup service.

Matches for any sequences that are not represented in the lookup service will be calculated locally.
03/02/2020 00:34:27:650 37% completed
03/02/2020 00:34:27:859 62% completed
03/02/2020 00:34:28:070 87% completed
03/02/2020 00:34:28:248 Match lookup info: 0% of the 5562 unique input sequences were found in the match lookup server. 
03/02/2020 00:57:07:061 90% completed
03/02/2020 01:03:04:165 100% done:  InterProScan analyses completed 

03/02/2020 01:03:05:453 Welcome to InterProScan-5.40-77.0
03/02/2020 01:03:05:454 Running InterProScan v5 in STANDALONE mode... on Linux
03/02/2020 01:03:19:442 Loading file /vortexfs1/scratch/dgellermcgrath/scripts/run-interproscan/../../january-final-gbks-as-AA-fa/MAG_180-final-gbk-AA.fa
03/02/2020 01:03:19:444 Running the following analyses:
[CDD-3.17,Coils-2.2.1,Gene3D-4.2.0,Hamap-2019_01,MobiDBLite-2.0,Pfam-32.0,PIRSF-3.02,PRINTS-42.0,ProSitePatterns-2019_01,ProSiteProfiles-2019_01,SFLD-4,SMART-7.1,SUPERFAMILY-1.75,TIGRFAM-15.0]
Available matches will be retrieved from the pre-calculated match lookup service.

Matches for any sequences that are not represented in the lookup service will be calculated locally.
03/02/2020 01:04:00:166 25% completed
03/02/2020 01:08:14:024 50% completed
03/02/2020 01:16:40:426 75% completed
03/02/2020 01:21:26:912 90% completed
03/02/2020 01:22:48:141 100% done:  InterProScan analyses completed 

03/02/2020 01:22:49:421 Welcome to InterProScan-5.40-77.0
03/02/2020 01:22:49:423 Running InterProScan v5 in STANDALONE mode... on Linux
03/02/2020 01:23:03:001 Loading file /vortexfs1/scratch/dgellermcgrath/scripts/run-interproscan/../../january-final-gbks-as-AA-fa/MAG_181-final-gbk-AA.fa
03/02/2020 01:23:03:004 Running the following analyses:
[CDD-3.17,Coils-2.2.1,Gene3D-4.2.0,Hamap-2019_01,MobiDBLite-2.0,Pfam-32.0,PIRSF-3.02,PRINTS-42.0,ProSitePatterns-2019_01,ProSiteProfiles-2019_01,SFLD-4,SMART-7.1,SUPERFAMILY-1.75,TIGRFAM-15.0]
Available matches will be retrieved from the pre-calculated match lookup service.

Matches for any sequences that are not represented in the lookup service will be calculated locally.
03/02/2020 01:23:35:888 26% completed
03/02/2020 01:25:36:775 50% completed
03/02/2020 01:30:40:768 75% completed
03/02/2020 01:36:03:239 90% completed
03/02/2020 01:41:27:761 100% done:  InterProScan analyses completed 

03/02/2020 01:41:29:062 Welcome to InterProScan-5.40-77.0
03/02/2020 01:41:29:063 Running InterProScan v5 in STANDALONE mode... on Linux
03/02/2020 01:41:44:040 Loading file /vortexfs1/scratch/dgellermcgrath/scripts/run-interproscan/../../january-final-gbks-as-AA-fa/MAG_183-final-gbk-AA.fa
03/02/2020 01:41:44:042 Running the following analyses:
[CDD-3.17,Coils-2.2.1,Gene3D-4.2.0,Hamap-2019_01,MobiDBLite-2.0,Pfam-32.0,PIRSF-3.02,PRINTS-42.0,ProSitePatterns-2019_01,ProSiteProfiles-2019_01,SFLD-4,SMART-7.1,SUPERFAMILY-1.75,TIGRFAM-15.0]
Available matches will be retrieved from the pre-calculated match lookup service.

Matches for any sequences that are not represented in the lookup service will be calculated locally.
03/02/2020 01:42:17:167 25% completed
03/02/2020 01:46:02:294 50% completed
03/02/2020 01:54:34:508 75% completed
03/02/2020 01:57:00:127 90% completed
03/02/2020 01:58:57:059 100% done:  InterProScan analyses completed 

03/02/2020 01:58:58:349 Welcome to InterProScan-5.40-77.0
03/02/2020 01:58:58:350 Running InterProScan v5 in STANDALONE mode... on Linux
03/02/2020 01:59:12:602 Loading file /vortexfs1/scratch/dgellermcgrath/scripts/run-interproscan/../../january-final-gbks-as-AA-fa/MAG_186-final-gbk-AA.fa
03/02/2020 01:59:12:604 Running the following analyses:
[CDD-3.17,Coils-2.2.1,Gene3D-4.2.0,Hamap-2019_01,MobiDBLite-2.0,Pfam-32.0,PIRSF-3.02,PRINTS-42.0,ProSitePatterns-2019_01,ProSiteProfiles-2019_01,SFLD-4,SMART-7.1,SUPERFAMILY-1.75,TIGRFAM-15.0]
Available matches will be retrieved from the pre-calculated match lookup service.

Matches for any sequences that are not represented in the lookup service will be calculated locally.
03/02/2020 01:59:15:399 33% completed
03/02/2020 01:59:19:075 66% completed
03/02/2020 01:59:19:191 83% completed
03/02/2020 01:59:19:300 Match lookup info: 0% of the 3209 unique input sequences were found in the match lookup server. 
03/02/2020 02:20:57:437 90% completed
03/02/2020 02:21:42:095 100% done:  InterProScan analyses completed 

03/02/2020 02:21:43:377 Welcome to InterProScan-5.40-77.0
03/02/2020 02:21:43:378 Running InterProScan v5 in STANDALONE mode... on Linux
03/02/2020 02:21:57:023 Loading file /vortexfs1/scratch/dgellermcgrath/scripts/run-interproscan/../../january-final-gbks-as-AA-fa/MAG_187-final-gbk-AA.fa
03/02/2020 02:21:57:026 Running the following analyses:
[CDD-3.17,Coils-2.2.1,Gene3D-4.2.0,Hamap-2019_01,MobiDBLite-2.0,Pfam-32.0,PIRSF-3.02,PRINTS-42.0,ProSitePatterns-2019_01,ProSiteProfiles-2019_01,SFLD-4,SMART-7.1,SUPERFAMILY-1.75,TIGRFAM-15.0]
Available matches will be retrieved from the pre-calculated match lookup service.

Matches for any sequences that are not represented in the lookup service will be calculated locally.
03/02/2020 02:22:01:714 33% completed
03/02/2020 02:22:05:141 66% completed
03/02/2020 02:22:05:972 83% completed
03/02/2020 02:22:06:130 Match lookup info: 0% of the 3260 unique input sequences were found in the match lookup server. 
03/02/2020 02:39:52:486 90% completed
03/02/2020 02:40:20:572 100% done:  InterProScan analyses completed 

03/02/2020 02:40:21:827 Welcome to InterProScan-5.40-77.0
03/02/2020 02:40:21:828 Running InterProScan v5 in STANDALONE mode... on Linux
03/02/2020 02:40:36:137 Loading file /vortexfs1/scratch/dgellermcgrath/scripts/run-interproscan/../../january-final-gbks-as-AA-fa/MAG_189-final-gbk-AA.fa
03/02/2020 02:40:36:139 Running the following analyses:
[CDD-3.17,Coils-2.2.1,Gene3D-4.2.0,Hamap-2019_01,MobiDBLite-2.0,Pfam-32.0,PIRSF-3.02,PRINTS-42.0,ProSitePatterns-2019_01,ProSiteProfiles-2019_01,SFLD-4,SMART-7.1,SUPERFAMILY-1.75,TIGRFAM-15.0]
Available matches will be retrieved from the pre-calculated match lookup service.

Matches for any sequences that are not represented in the lookup service will be calculated locally.
03/02/2020 02:40:38:625 28% completed
03/02/2020 02:40:42:790 85% completed
03/02/2020 02:40:42:944 Match lookup info: 0% of the 4161 unique input sequences were found in the match lookup server. 
03/02/2020 03:09:17:042 90% completed
03/02/2020 03:13:18:431 100% done:  InterProScan analyses completed 

